This is pdfTeX, Version 3.1415926-2.5-1.40.14 (TeX Live 2013) (format=pdflatex 2013.5.30)  13 JAN 2015 23:05
entering extended mode
 restricted \write18 enabled.
 %&-line parsing enabled.
**print.tex
(./print.tex
LaTeX2e <2011/06/27>
Babel <3.9f> and hyphenation patterns for 78 languages loaded.
(./lecnotes.cls
Document Class: lecnotes 2014/08/21 lecnotes package
(/usr/local/texlive/2013/texmf-dist/tex/latex/memoir/memoir.cls
Document Class: memoir 2013/05/22 v3.7 configurable book, report, article docum
ent class
\onelineskip=\skip41
\lxvchars=\skip42
\xlvchars=\skip43
\@memcnta=\count79
\c@@memmarkcntra=\count80
(/usr/local/texlive/2013/texmf-dist/tex/generic/oberdiek/ifpdf.sty
Package: ifpdf 2011/01/30 v2.3 Provides the ifpdf switch (HO)
Package ifpdf Info: pdfTeX in PDF mode is detected.
)
(/usr/local/texlive/2013/texmf-dist/tex/latex/ifetex/ifetex.sty
Package: ifetex 2011/12/15 v1.2 ifetex

(/usr/local/texlive/2013/texmf-dist/tex/plain/ifetex/ifetex.tex))
(/usr/local/texlive/2013/texmf-dist/tex/generic/ifxetex/ifxetex.sty
Package: ifxetex 2010/09/12 v0.6 Provides ifxetex conditional
)
(/usr/local/texlive/2013/texmf-dist/tex/generic/oberdiek/ifluatex.sty
Package: ifluatex 2010/03/01 v1.3 Provides the ifluatex switch (HO)
Package ifluatex Info: LuaTeX not detected.
)
\stockheight=\skip44
\stockwidth=\skip45
\trimtop=\skip46
\trimedge=\skip47

(/usr/local/texlive/2013/texmf-dist/tex/latex/etex-pkg/etex.sty
Package: etex 1998/03/26 v2.0 eTeX basic definition package (PEB)
\et@xins=\count81
)
(/usr/local/texlive/2013/texmf-dist/tex/latex/memoir/mem10.clo
File: mem10.clo 2008/01/30 v0.3 memoir class 10pt size option
)
\binding=\skip48
\spinemargin=\skip49
\foremargin=\skip50
\uppermargin=\skip51
\lowermargin=\skip52
\headdrop=\skip53
\normalrulethickness=\skip54
\mem@maxheadheight=\skip55
\mem@maxfootheight=\skip56
\headwidth=\skip57
\c@storedpagenumber=\count82
\memPD=\dimen102
\m@mabparskip=\skip58
\thanksmarkwidth=\skip59
\thanksmarksep=\skip60
\droptitle=\skip61
\c@book=\count83
\c@part=\count84
\c@chapter=\count85
\c@section=\count86
\c@subsection=\count87
\c@subsubsection=\count88
\c@paragraph=\count89
\c@subparagraph=\count90
\beforechapskip=\skip62
\midchapskip=\skip63
\afterchapskip=\skip64
\chapindent=\skip65
\bottomsectionskip=\skip66
\secindent=\skip67
\beforesecskip=\skip68
\aftersecskip=\skip69
\subsecindent=\skip70
\beforesubsecskip=\skip71
\aftersubsecskip=\skip72
\subsubsecindent=\skip73
\beforesubsubsecskip=\skip74
\aftersubsubsecskip=\skip75
\paraindent=\skip76
\beforeparaskip=\skip77
\afterparaskip=\skip78
\subparaindent=\skip79
\beforesubparaskip=\skip80
\aftersubparaskip=\skip81
\pfbreakskip=\skip82
\c@@ppsavesec=\count91
\c@@ppsaveapp=\count92
\ragrparindent=\dimen103
\everylistparindent=\dimen104
\parsepi=\skip83
\topsepi=\skip84
\itemsepi=\skip85
\parsepii=\skip86
\topsepii=\skip87
\topsepiii=\skip88
\itemsepii=\skip89
\itemsepiii=\skip90
\partopsepii=\skip91
\partopsepiii=\skip92
\m@msavetopsep=\skip93
\m@msavepartopsep=\skip94
\@enLab=\toks14
\abstitleskip=\skip95
\absleftindent=\skip96
\abs@leftindent=\dimen105
\absrightindent=\skip97
\absparindent=\skip98
\absparsep=\skip99
\c@vslineno=\count93
\c@poemline=\count94
\c@modulo@vs=\count95
\c@memfvsline=\count96
\vleftskip=\skip100
\vrightskip=\skip101
\stanzaskip=\skip102
\versewidth=\skip103
\vgap=\skip104
\vindent=\skip105
\vleftmargin=\dimen106
\c@verse=\count97
\c@chrsinstr=\count98
\beforepoemtitleskip=\skip106
\afterpoemtitleskip=\skip107
\c@poem=\count99
\beforePoemTitleskip=\skip108
\midPoemTitleskip=\skip109
\afterPoemTitleskip=\skip110
\col@sep=\dimen107
\extrarowheight=\dimen108
\NC@list=\toks15
\extratabsurround=\skip111
\backup@length=\skip112
\TX@col@width=\dimen109
\TX@old@table=\dimen110
\TX@old@col=\dimen111
\TX@target=\dimen112
\TX@delta=\dimen113
\TX@cols=\count100
\TX@ftn=\toks16
\heavyrulewidth=\dimen114
\lightrulewidth=\dimen115
\cmidrulewidth=\dimen116
\belowrulesep=\dimen117
\belowbottomsep=\dimen118
\aboverulesep=\dimen119
\abovetopsep=\dimen120
\cmidrulesep=\dimen121
\cmidrulekern=\dimen122
\defaultaddspace=\dimen123
\@cmidla=\count101
\@cmidlb=\count102
\@aboverulesep=\dimen124
\@belowrulesep=\dimen125
\@thisruleclass=\count103
\@lastruleclass=\count104
\@thisrulewidth=\dimen126
\ctableftskip=\skip113
\ctabrightskip=\skip114
\abovecolumnspenalty=\count105
\@linestogo=\count106
\@cellstogo=\count107
\@cellsincolumn=\count108
\crtok=\toks17
\@mincolumnwidth=\dimen127
\c@newflo@tctr=\count109
\mem@margin@floatbox=\box26
\@contcwidth=\skip115
\@contindw=\skip116
\abovecaptionskip=\skip117
\belowcaptionskip=\skip118
\subfloattopskip=\skip119
\subfloatcapskip=\skip120
\subfloatcaptopadj=\skip121
\subfloatbottomskip=\skip122
\subfloatlabelskip=\skip123
\subfloatcapmargin=\dimen128
\c@@contsubnum=\count110
\m@mscap@capbox=\box27
\m@mscap@fbox=\box28
\sidecapsep=\dimen129
\sidecapwidth=\dimen130
\m@m@tempdima=\dimen131
\m@mscapraise=\dimen132
\sidecapraise=\dimen133
\m@mscapmainwidth=\dimen134
\m@mscaplkern=\dimen135
\beforeepigraphskip=\skip124
\afterepigraphskip=\skip125
\epigraphwidth=\skip126
\epigraphrule=\skip127
LaTeX Info: Redefining \em on input line 7491.
LaTeX Info: Redefining \emph on input line 7499.
\tocentryskip=\skip128
\tocbaseline=\skip129
\cftparskip=\skip130
\cftbeforebookskip=\skip131
\cftbookindent=\dimen136
\cftbooknumwidth=\dimen137
\cftbeforepartskip=\skip132
\cftpartindent=\skip133
\cftpartnumwidth=\skip134
\cftbeforechapterskip=\skip135
\cftchapterindent=\skip136
\cftchapternumwidth=\skip137
\cftbeforesectionskip=\skip138
\cftsectionindent=\skip139
\cftsectionnumwidth=\skip140
\cftbeforesubsectionskip=\skip141
\cftsubsectionindent=\skip142
\cftsubsectionnumwidth=\skip143
\cftbeforesubsubsectionskip=\skip144
\cftsubsubsectionindent=\skip145
\cftsubsubsectionnumwidth=\skip146
\cftbeforeparagraphskip=\skip147
\cftparagraphindent=\skip148
\cftparagraphnumwidth=\skip149
\cftbeforesubparagraphskip=\skip150
\cftsubparagraphindent=\skip151
\cftsubparagraphnumwidth=\skip152
\prechapterprecisshift=\dimen138
\c@maxsecnumdepth=\count111
\bibindent=\dimen139
\bibitemsep=\skip153
\indexcolsep=\skip154
\indexrule=\skip155
\indexmarkstyle=\toks18
\@indexbox=\insert233
\glossarycolsep=\dimen140
\glossaryrule=\dimen141
\sideparvshift=\skip156
\sideins=\insert232
\sidebartopsep=\skip157
\sidebarhsep=\skip158
\sidebarvsep=\skip159
\sidebarwidth=\skip160
\footmarkwidth=\skip161
\footmarksep=\skip162
\footparindent=\skip163
\footinsdim=\skip164
\footinsv@r=\insert231
\@mpfootinsv@r=\insert230
\m@m@k=\count112
\m@m@h=\dimen142
\m@mipn@skip=\skip165
\sidefootins=\insert229
\sidefootadjust=\skip166
\sidefootheight=\skip167
\sidefoothsep=\skip168
\sidefootvsep=\skip169
\sidefootwidth=\skip170
\m@mdownsf=\skip171
\c@sidefootnote=\count113
\sidefootmarkwidth=\skip172
\sidefootmarksep=\skip173
\sidefootparindent=\skip174
\c@pagenote=\count114
\c@pagenoteshadow=\count115
\mem@pn@lastkern=\skip175
\every@verbatim=\toks19
\afterevery@verbatim=\toks20
\verbatim@line=\toks21
\tab@position=\count116
\verbatim@in@stream=\read1
\verbatimindent=\skip176
\verbatim@out=\write3
\bvboxsep=\skip177
\c@memfbvline=\count117
\c@bvlinectr=\count118
\bvnumlength=\skip178
\fb@frw=\dimen143
\fb@frh=\dimen144
\FrameRule=\dimen145
\FrameSep=\dimen146
\c@cp@cntr=\count119
LaTeX Info: Redefining \: on input line 11957.
LaTeX Info: Redefining \! on input line 11959.
\c@ism@mctr=\count120
\c@xsm@mctr=\count121
\c@csm@mctr=\count122
\c@ksm@mctr=\count123
\c@xksm@mctr=\count124
\c@cksm@mctr=\count125
\c@msm@mctr=\count126
\c@xmsm@mctr=\count127
\c@cmsm@mctr=\count128
\c@bsm@mctr=\count129
\c@workm@mctr=\count130
\c@sheetsequence=\count131
\c@lastsheet=\count132
\c@lastpage=\count133
\c@figure=\count134
\c@lofdepth=\count135
\cftbeforefigureskip=\skip179
\cftfigureindent=\skip180
\cftfigurenumwidth=\skip181
\c@table=\count136
\c@lotdepth=\count137
\cftbeforetableskip=\skip182
\cfttableindent=\skip183
\cfttablenumwidth=\skip184
Package abstract [2008/07/23] emulated by memoir.
Package appendix [2008/07/23] emulated by memoir.
Package array [2008/09/09] emulated by memoir.
Package booktabs [2008/07/23] emulated by memoir.
Package ccaption [2008/07/23] emulated by memoir.
Package changepage [2008/07/23] emulated by memoir.
Package chngcntr [2008/07/23] emulated by memoir.
Package chngpage [2008/07/23] emulated by memoir.
Package crop emulated by memoir.
Package dcolumn [2008/07/23] emulated by memoir.
Package delarray [2008/07/23] emulated by memoir.
Package enumerate [2008/07/23] emulated by memoir.
Package epigraph [2008/07/23] emulated by memoir.
Package ifmtarg [2008/07/23] emulated by memoir.
Package index [2008/07/23] emulated by memoir.
Package makeidx [2008/07/23] emulated by memoir.
Package moreverb [2008/07/23] emulated by memoir.
Package mparhack [2008/07/23] emulated by memoir.
Package needspace [2008/07/23] emulated by memoir.
Package newfile [2008/07/23] emulated by memoir.
Package nextpage [2008/07/23] emulated by memoir.
Package pagenote [2008/07/23] emulated by memoir.
Package parskip [2008/07/23] emulated by memoir.
Package patchcmd [2008/07/23] emulated by memoir.
Package setspace [2008/07/23] emulated by memoir.
Package shortvrb [2008/07/23] emulated by memoir.
Package showidx [2008/07/23] emulated by memoir.
Package tabularx [2008/07/23] emulated by memoir.
Package titleref [2008/07/23] emulated by memoir.
Package titling [2008/07/23] emulated by memoir.
Package tocbibind [2008/07/23] emulated by memoir.
Package tocloft [2008/07/23] emulated by memoir.
Package tocvsec2 [2008/07/23] emulated by memoir.
Package verbatim [2008/07/23] emulated by memoir.
Package verse [2008/07/23] emulated by memoir.

(/usr/local/texlive/2013/texmf-dist/tex/latex/memoir/mempatch.sty
Package: mempatch 2009/07/24 v6.0f Patches for memoir class v1.6180339
))
(/usr/local/texlive/2013/texmf-dist/tex/latex/etoolbox/etoolbox.sty
Package: etoolbox 2011/01/03 v2.1 e-TeX tools for LaTeX
\etb@tempcnta=\count138
)
(/usr/local/texlive/2013/texmf-dist/tex/latex/mh/mathtools.sty
Package: mathtools 2013/02/12 v1.13 mathematical typesetting tools

(/usr/local/texlive/2013/texmf-dist/tex/latex/graphics/keyval.sty
Package: keyval 1999/03/16 v1.13 key=value parser (DPC)
\KV@toks@=\toks22
)
(/usr/local/texlive/2013/texmf-dist/tex/latex/tools/calc.sty
Package: calc 2007/08/22 v4.3 Infix arithmetic (KKT,FJ)
\calc@Acount=\count139
\calc@Bcount=\count140
\calc@Adimen=\dimen147
\calc@Bdimen=\dimen148
\calc@Askip=\skip185
\calc@Bskip=\skip186
LaTeX Info: Redefining \setlength on input line 76.
LaTeX Info: Redefining \addtolength on input line 77.
\calc@Ccount=\count141
\calc@Cskip=\skip187
)
(/usr/local/texlive/2013/texmf-dist/tex/latex/mh/mhsetup.sty
Package: mhsetup 2010/01/21 v1.2a programming setup (MH)
)
(/usr/local/texlive/2013/texmf-dist/tex/latex/amsmath/amsmath.sty
Package: amsmath 2013/01/14 v2.14 AMS math features
\@mathmargin=\skip188

For additional information on amsmath, use the `?' option.
(/usr/local/texlive/2013/texmf-dist/tex/latex/amsmath/amstext.sty
Package: amstext 2000/06/29 v2.01

(/usr/local/texlive/2013/texmf-dist/tex/latex/amsmath/amsgen.sty
File: amsgen.sty 1999/11/30 v2.0
\@emptytoks=\toks23
\ex@=\dimen149
))
(/usr/local/texlive/2013/texmf-dist/tex/latex/amsmath/amsbsy.sty
Package: amsbsy 1999/11/29 v1.2d
\pmbraise@=\dimen150
)
(/usr/local/texlive/2013/texmf-dist/tex/latex/amsmath/amsopn.sty
Package: amsopn 1999/12/14 v2.01 operator names
)
\inf@bad=\count142
LaTeX Info: Redefining \frac on input line 210.
\uproot@=\count143
\leftroot@=\count144
LaTeX Info: Redefining \overline on input line 306.
\classnum@=\count145
\DOTSCASE@=\count146
LaTeX Info: Redefining \ldots on input line 378.
LaTeX Info: Redefining \dots on input line 381.
LaTeX Info: Redefining \cdots on input line 466.
\Mathstrutbox@=\box29
\strutbox@=\box30
\big@size=\dimen151
LaTeX Font Info:    Redeclaring font encoding OML on input line 566.
LaTeX Font Info:    Redeclaring font encoding OMS on input line 567.
\macc@depth=\count147
\c@MaxMatrixCols=\count148
\dotsspace@=\muskip10
\c@parentequation=\count149
\dspbrk@lvl=\count150
\tag@help=\toks24
\row@=\count151
\column@=\count152
\maxfields@=\count153
\andhelp@=\toks25
\eqnshift@=\dimen152
\alignsep@=\dimen153
\tagshift@=\dimen154
\tagwidth@=\dimen155
\totwidth@=\dimen156
\lineht@=\dimen157
\@envbody=\toks26
\multlinegap=\skip189
\multlinetaggap=\skip190
\mathdisplay@stack=\toks27
LaTeX Info: Redefining \[ on input line 2665.
LaTeX Info: Redefining \] on input line 2666.
)
LaTeX Info: Thecontrolsequence`\['isalreadyrobust on input line 129.
LaTeX Info: Thecontrolsequence`\]'isalreadyrobust on input line 129.
\g_MT_multlinerow_int=\count154
\l_MT_multwidth_dim=\dimen158
\origjot=\skip191
\l_MT_shortvdotswithinadjustabove_dim=\dimen159
\l_MT_shortvdotswithinadjustbelow_dim=\dimen160
\l_MT_above_intertext_sep=\dimen161
\l_MT_below_intertext_sep=\dimen162
\l_MT_above_shortintertext_sep=\dimen163
\l_MT_below_shortintertext_sep=\dimen164
)
(/usr/local/texlive/2013/texmf-dist/tex/latex/xcolor/xcolor.sty
Package: xcolor 2007/01/21 v2.11 LaTeX color extensions (UK)

(/usr/local/texlive/2013/texmf-dist/tex/latex/latexconfig/color.cfg
File: color.cfg 2007/01/18 v1.5 color configuration of teTeX/TeXLive
)
Package xcolor Info: Driver file: pdftex.def on input line 225.

(/usr/local/texlive/2013/texmf-dist/tex/latex/pdftex-def/pdftex.def
File: pdftex.def 2011/05/27 v0.06d Graphics/color for pdfTeX

(/usr/local/texlive/2013/texmf-dist/tex/generic/oberdiek/infwarerr.sty
Package: infwarerr 2010/04/08 v1.3 Providing info/warning/error messages (HO)
)
(/usr/local/texlive/2013/texmf-dist/tex/generic/oberdiek/ltxcmds.sty
Package: ltxcmds 2011/11/09 v1.22 LaTeX kernel commands for general use (HO)
)
\Gread@gobject=\count155
)
Package xcolor Info: Model `cmy' substituted by `cmy0' on input line 1337.
Package xcolor Info: Model `hsb' substituted by `rgb' on input line 1341.
Package xcolor Info: Model `RGB' extended on input line 1353.
Package xcolor Info: Model `HTML' substituted by `rgb' on input line 1355.
Package xcolor Info: Model `Hsb' substituted by `hsb' on input line 1356.
Package xcolor Info: Model `tHsb' substituted by `hsb' on input line 1357.
Package xcolor Info: Model `HSB' substituted by `hsb' on input line 1358.
Package xcolor Info: Model `Gray' substituted by `gray' on input line 1359.
Package xcolor Info: Model `wave' substituted by `hsb' on input line 1360.

(/usr/local/texlive/2013/texmf-dist/tex/latex/graphics/dvipsnam.def
File: dvipsnam.def 1999/02/16 v3.0i Driver-dependant file (DPC,SPQR)
))
(/usr/local/texlive/2013/texmf-dist/tex/latex/geometry/geometry.sty
Package: geometry 2010/09/12 v5.6 Page Geometry

(/usr/local/texlive/2013/texmf-dist/tex/generic/oberdiek/ifvtex.sty
Package: ifvtex 2010/03/01 v1.5 Detect VTeX and its facilities (HO)
Package ifvtex Info: VTeX not detected.
)
\Gm@cnth=\count156
\Gm@cntv=\count157
\c@Gm@tempcnt=\count158
\Gm@bindingoffset=\dimen165
\Gm@wd@mp=\dimen166
\Gm@odd@mp=\dimen167
\Gm@even@mp=\dimen168
\Gm@layoutwidth=\dimen169
\Gm@layoutheight=\dimen170
\Gm@layouthoffset=\dimen171
\Gm@layoutvoffset=\dimen172
\Gm@dimlist=\toks28
)
(/usr/local/texlive/2013/texmf-dist/tex/latex/psnfss/helvet.sty
Package: helvet 2005/04/12 PSNFSS-v9.2a (WaS) 
)
(/usr/local/texlive/2013/texmf-dist/tex/latex/psnfss/courier.sty
Package: courier 2005/04/12 PSNFSS-v9.2a (WaS) 
)
(/usr/local/texlive/2013/texmf-dist/tex/latex/euler/euler.sty
Package: euler 1995/03/05 v2.5

Package: `euler' v2.5 <1995/03/05> (FJ and FMi)
LaTeX Font Info:    Redeclaring symbol font `letters' on input line 35.
LaTeX Font Info:    Encoding `OML' has changed to `U' for symbol font
(Font)              `letters' in the math version `normal' on input line 35.
LaTeX Font Info:    Overwriting symbol font `letters' in version `normal'
(Font)                  OML/cmm/m/it --> U/eur/m/n on input line 35.
LaTeX Font Info:    Encoding `OML' has changed to `U' for symbol font
(Font)              `letters' in the math version `bold' on input line 35.
LaTeX Font Info:    Overwriting symbol font `letters' in version `bold'
(Font)                  OML/cmm/b/it --> U/eur/m/n on input line 35.
LaTeX Font Info:    Overwriting symbol font `letters' in version `bold'
(Font)                  U/eur/m/n --> U/eur/b/n on input line 36.
LaTeX Font Info:    Redeclaring math symbol \Gamma on input line 47.
LaTeX Font Info:    Redeclaring math symbol \Delta on input line 48.
LaTeX Font Info:    Redeclaring math symbol \Theta on input line 49.
LaTeX Font Info:    Redeclaring math symbol \Lambda on input line 50.
LaTeX Font Info:    Redeclaring math symbol \Xi on input line 51.
LaTeX Font Info:    Redeclaring math symbol \Pi on input line 52.
LaTeX Font Info:    Redeclaring math symbol \Sigma on input line 53.
LaTeX Font Info:    Redeclaring math symbol \Upsilon on input line 54.
LaTeX Font Info:    Redeclaring math symbol \Phi on input line 55.
LaTeX Font Info:    Redeclaring math symbol \Psi on input line 56.
LaTeX Font Info:    Redeclaring math symbol \Omega on input line 57.
\symEulerFraktur=\mathgroup4
LaTeX Font Info:    Overwriting symbol font `EulerFraktur' in version `bold'
(Font)                  U/euf/m/n --> U/euf/b/n on input line 63.
LaTeX Info: Redefining \oldstylenums on input line 85.
\symEulerScript=\mathgroup5
LaTeX Font Info:    Overwriting symbol font `EulerScript' in version `bold'
(Font)                  U/eus/m/n --> U/eus/b/n on input line 93.
LaTeX Font Info:    Redeclaring math symbol \aleph on input line 97.
LaTeX Font Info:    Redeclaring math symbol \Re on input line 98.
LaTeX Font Info:    Redeclaring math symbol \Im on input line 99.
LaTeX Font Info:    Redeclaring math delimiter \vert on input line 101.
LaTeX Font Info:    Redeclaring math delimiter \backslash on input line 103.
LaTeX Font Info:    Redeclaring math symbol \neg on input line 106.
LaTeX Font Info:    Redeclaring math symbol \wedge on input line 108.
LaTeX Font Info:    Redeclaring math symbol \vee on input line 110.
LaTeX Font Info:    Redeclaring math symbol \setminus on input line 112.
LaTeX Font Info:    Redeclaring math symbol \sim on input line 113.
LaTeX Font Info:    Redeclaring math symbol \mid on input line 114.
LaTeX Font Info:    Redeclaring math delimiter \arrowvert on input line 116.
LaTeX Font Info:    Redeclaring math symbol \mathsection on input line 117.
\symEulerExtension=\mathgroup6
LaTeX Font Info:    Redeclaring math symbol \coprod@ on input line 125.
LaTeX Font Info:    Redeclaring math symbol \prod@ on input line 125.
LaTeX Font Info:    Redeclaring math symbol \sum@ on input line 125.
LaTeX Font Info:    Redeclaring math symbol \intop on input line 130.
LaTeX Font Info:    Redeclaring math symbol \ointop on input line 131.
LaTeX Font Info:    Redeclaring math symbol \braceld on input line 132.
LaTeX Font Info:    Redeclaring math symbol \bracerd on input line 133.
LaTeX Font Info:    Redeclaring math symbol \bracelu on input line 134.
LaTeX Font Info:    Redeclaring math symbol \braceru on input line 135.
LaTeX Font Info:    Redeclaring math symbol \infty on input line 136.
LaTeX Font Info:    Redeclaring math symbol \nearrow on input line 153.
LaTeX Font Info:    Redeclaring math symbol \searrow on input line 154.
LaTeX Font Info:    Redeclaring math symbol \nwarrow on input line 155.
LaTeX Font Info:    Redeclaring math symbol \swarrow on input line 156.
LaTeX Font Info:    Redeclaring math symbol \Leftrightarrow on input line 157.
LaTeX Font Info:    Redeclaring math symbol \Leftarrow on input line 158.
LaTeX Font Info:    Redeclaring math symbol \Rightarrow on input line 159.
LaTeX Font Info:    Redeclaring math symbol \leftrightarrow on input line 160.
LaTeX Font Info:    Redeclaring math symbol \leftarrow on input line 161.
LaTeX Font Info:    Redeclaring math symbol \rightarrow on input line 163.
LaTeX Font Info:    Redeclaring math delimiter \uparrow on input line 166.
LaTeX Font Info:    Redeclaring math delimiter \downarrow on input line 168.
LaTeX Font Info:    Redeclaring math delimiter \updownarrow on input line 170.
LaTeX Font Info:    Redeclaring math delimiter \Uparrow on input line 172.
LaTeX Font Info:    Redeclaring math delimiter \Downarrow on input line 174.
LaTeX Font Info:    Redeclaring math delimiter \Updownarrow on input line 176.
LaTeX Font Info:    Redeclaring math symbol \leftharpoonup on input line 177.
LaTeX Font Info:    Redeclaring math symbol \leftharpoondown on input line 178.

LaTeX Font Info:    Redeclaring math symbol \rightharpoonup on input line 179.
LaTeX Font Info:    Redeclaring math symbol \rightharpoondown on input line 180
.
LaTeX Font Info:    Redeclaring math delimiter \lbrace on input line 182.
LaTeX Font Info:    Redeclaring math delimiter \rbrace on input line 184.
\symcmmigroup=\mathgroup7
LaTeX Font Info:    Overwriting symbol font `cmmigroup' in version `bold'
(Font)                  OML/cmm/m/it --> OML/cmm/b/it on input line 200.
LaTeX Font Info:    Redeclaring math accent \vec on input line 201.
LaTeX Font Info:    Redeclaring math symbol \triangleleft on input line 202.
LaTeX Font Info:    Redeclaring math symbol \triangleright on input line 203.
LaTeX Font Info:    Redeclaring math symbol \star on input line 204.
LaTeX Font Info:    Redeclaring math symbol \lhook on input line 205.
LaTeX Font Info:    Redeclaring math symbol \rhook on input line 206.
LaTeX Font Info:    Redeclaring math symbol \flat on input line 207.
LaTeX Font Info:    Redeclaring math symbol \natural on input line 208.
LaTeX Font Info:    Redeclaring math symbol \sharp on input line 209.
LaTeX Font Info:    Redeclaring math symbol \smile on input line 210.
LaTeX Font Info:    Redeclaring math symbol \frown on input line 211.
LaTeX Font Info:    Redeclaring math accent \hat on input line 254.
) (/usr/local/texlive/2013/texmf-dist/tex/latex/base/fontenc.sty
Package: fontenc 2005/09/27 v1.99g Standard LaTeX package

(/usr/local/texlive/2013/texmf-dist/tex/latex/base/t1enc.def
File: t1enc.def 2005/09/27 v1.99g Standard LaTeX file
LaTeX Font Info:    Redeclaring font encoding T1 on input line 43.
))
(/usr/local/texlive/2013/texmf-dist/tex/latex/microtype/microtype.sty
Package: microtype 2013/05/23 v2.5a Micro-typographical refinements (RS)
\MT@toks=\toks29
\MT@count=\count159
LaTeX Info: Redefining \textls on input line 766.
\MT@outer@kern=\dimen173
LaTeX Info: Redefining \textmicrotypecontext on input line 1285.
\MT@listname@count=\count160

(/usr/local/texlive/2013/texmf-dist/tex/latex/microtype/microtype-pdftex.def
File: microtype-pdftex.def 2013/05/23 v2.5a Definitions specific to pdftex (RS)

LaTeX Info: Redefining \lsstyle on input line 915.
LaTeX Info: Redefining \lslig on input line 915.
\MT@outer@space=\skip192
)
Package microtype Info: Loading configuration file microtype.cfg.

(/usr/local/texlive/2013/texmf-dist/tex/latex/microtype/microtype.cfg
File: microtype.cfg 2013/05/23 v2.5a microtype main configuration file (RS)
))
(/usr/local/texlive/2013/texmf-dist/tex/latex/amsfonts/amssymb.sty
Package: amssymb 2013/01/14 v3.01 AMS font symbols

(/usr/local/texlive/2013/texmf-dist/tex/latex/amsfonts/amsfonts.sty
Package: amsfonts 2013/01/14 v3.01 Basic AMSFonts support
\symAMSa=\mathgroup8
\symAMSb=\mathgroup9
LaTeX Info: Redefining \frak on input line 111.
))
(/usr/local/texlive/2013/texmf-dist/tex/latex/amsfonts/eucal.sty
Package: eucal 2009/06/22 v3.00 Euler Script fonts
LaTeX Font Info:    Overwriting math alphabet `\EuScript' in version `bold'
(Font)                  U/eus/m/n --> U/eus/b/n on input line 33.
)
(/usr/local/texlive/2013/texmf-dist/tex/latex/stmaryrd/stmaryrd.sty
Package: stmaryrd 1994/03/03 St Mary's Road symbol package
\symstmry=\mathgroup10
LaTeX Font Info:    Overwriting symbol font `stmry' in version `bold'
(Font)                  U/stmry/m/n --> U/stmry/b/n on input line 89.
)
(/usr/local/texlive/2013/texmf-dist/tex/latex/bbold/bbold.sty
Package: bbold 1994/04/06 Bbold symbol package
LaTeX Font Info:    Redeclaring math alphabet \mathbb on input line 42.
)
\drop=\skip193

(/usr/local/texlive/2013/texmf-dist/tex/latex/listings/listings.sty
\lst@mode=\count161
\lst@gtempboxa=\box31
\lst@token=\toks30
\lst@length=\count162
\lst@currlwidth=\dimen174
\lst@column=\count163
\lst@pos=\count164
\lst@lostspace=\dimen175
\lst@width=\dimen176
\lst@newlines=\count165
\lst@lineno=\count166
\lst@maxwidth=\dimen177

(/usr/local/texlive/2013/texmf-dist/tex/latex/listings/lstmisc.sty
File: lstmisc.sty 2007/02/22 1.4 (Carsten Heinz)
\c@lstnumber=\count167
\lst@skipnumbers=\count168
\lst@framebox=\box32
)
(/usr/local/texlive/2013/texmf-dist/tex/latex/listings/listings.cfg
File: listings.cfg 2007/02/22 1.4 listings configuration
))
Package: listings 2007/02/22 1.4 (Carsten Heinz)

(/usr/local/texlive/2013/texmf-dist/tex/latex/listings/lstlang1.sty
File: lstlang1.sty 2004/09/05 1.3 listings language file
)
(/usr/local/texlive/2013/texmf-dist/tex/latex/enumitem/enumitem.sty
Package: enumitem 2011/09/28 v3.5.2 Customized lists
\labelindent=\skip194
\enit@outerparindent=\dimen178
\enit@toks=\toks31
\enit@inbox=\box33
\enitdp@description=\count169
)
(/usr/local/texlive/2013/texmf-dist/tex/latex/pgf/frontendlayer/tikz.sty
(/usr/local/texlive/2013/texmf-dist/tex/latex/pgf/basiclayer/pgf.sty
(/usr/local/texlive/2013/texmf-dist/tex/latex/pgf/utilities/pgfrcs.sty
(/usr/local/texlive/2013/texmf-dist/tex/generic/pgf/utilities/pgfutil-common.te
x
\pgfutil@everybye=\toks32
)
(/usr/local/texlive/2013/texmf-dist/tex/generic/pgf/utilities/pgfutil-latex.def
\pgfutil@abb=\box34
(/usr/local/texlive/2013/texmf-dist/tex/latex/ms/everyshi.sty
Package: everyshi 2001/05/15 v3.00 EveryShipout Package (MS)
))
(/usr/local/texlive/2013/texmf-dist/tex/generic/pgf/utilities/pgfrcs.code.tex
Package: pgfrcs 2010/10/25 v2.10 (rcs-revision 1.24)
))
Package: pgf 2008/01/15 v2.10 (rcs-revision 1.12)
(/usr/local/texlive/2013/texmf-dist/tex/latex/pgf/basiclayer/pgfcore.sty
(/usr/local/texlive/2013/texmf-dist/tex/latex/graphics/graphicx.sty
Package: graphicx 1999/02/16 v1.0f Enhanced LaTeX Graphics (DPC,SPQR)

(/usr/local/texlive/2013/texmf-dist/tex/latex/graphics/graphics.sty
Package: graphics 2009/02/05 v1.0o Standard LaTeX Graphics (DPC,SPQR)

(/usr/local/texlive/2013/texmf-dist/tex/latex/graphics/trig.sty
Package: trig 1999/03/16 v1.09 sin cos tan (DPC)
)
(/usr/local/texlive/2013/texmf-dist/tex/latex/latexconfig/graphics.cfg
File: graphics.cfg 2010/04/23 v1.9 graphics configuration of TeX Live
)
Package graphics Info: Driver file: pdftex.def on input line 91.
)
\Gin@req@height=\dimen179
\Gin@req@width=\dimen180
)
(/usr/local/texlive/2013/texmf-dist/tex/latex/pgf/systemlayer/pgfsys.sty
(/usr/local/texlive/2013/texmf-dist/tex/generic/pgf/systemlayer/pgfsys.code.tex
Package: pgfsys 2010/06/30 v2.10 (rcs-revision 1.37)
(/usr/local/texlive/2013/texmf-dist/tex/generic/pgf/utilities/pgfkeys.code.tex
\pgfkeys@pathtoks=\toks33
\pgfkeys@temptoks=\toks34

(/usr/local/texlive/2013/texmf-dist/tex/generic/pgf/utilities/pgfkeysfiltered.c
ode.tex
\pgfkeys@tmptoks=\toks35
))
\pgf@x=\dimen181
\pgf@y=\dimen182
\pgf@xa=\dimen183
\pgf@ya=\dimen184
\pgf@xb=\dimen185
\pgf@yb=\dimen186
\pgf@xc=\dimen187
\pgf@yc=\dimen188
\w@pgf@writea=\write4
\r@pgf@reada=\read2
\c@pgf@counta=\count170
\c@pgf@countb=\count171
\c@pgf@countc=\count172
\c@pgf@countd=\count173

(/usr/local/texlive/2013/texmf-dist/tex/generic/pgf/systemlayer/pgf.cfg
File: pgf.cfg 2008/05/14  (rcs-revision 1.7)
)
Package pgfsys Info: Driver file for pgf: pgfsys-pdftex.def on input line 900.

(/usr/local/texlive/2013/texmf-dist/tex/generic/pgf/systemlayer/pgfsys-pdftex.d
ef
File: pgfsys-pdftex.def 2009/05/22  (rcs-revision 1.26)

(/usr/local/texlive/2013/texmf-dist/tex/generic/pgf/systemlayer/pgfsys-common-p
df.def
File: pgfsys-common-pdf.def 2008/05/19  (rcs-revision 1.10)
)))
(/usr/local/texlive/2013/texmf-dist/tex/generic/pgf/systemlayer/pgfsyssoftpath.
code.tex
File: pgfsyssoftpath.code.tex 2008/07/18  (rcs-revision 1.7)
\pgfsyssoftpath@smallbuffer@items=\count174
\pgfsyssoftpath@bigbuffer@items=\count175
)
(/usr/local/texlive/2013/texmf-dist/tex/generic/pgf/systemlayer/pgfsysprotocol.
code.tex
File: pgfsysprotocol.code.tex 2006/10/16  (rcs-revision 1.4)
))
(/usr/local/texlive/2013/texmf-dist/tex/generic/pgf/basiclayer/pgfcore.code.tex
Package: pgfcore 2010/04/11 v2.10 (rcs-revision 1.7)
(/usr/local/texlive/2013/texmf-dist/tex/generic/pgf/math/pgfmath.code.tex
(/usr/local/texlive/2013/texmf-dist/tex/generic/pgf/math/pgfmathcalc.code.tex
(/usr/local/texlive/2013/texmf-dist/tex/generic/pgf/math/pgfmathutil.code.tex)
(/usr/local/texlive/2013/texmf-dist/tex/generic/pgf/math/pgfmathparser.code.tex
\pgfmath@dimen=\dimen189
\pgfmath@count=\count176
\pgfmath@box=\box35
\pgfmath@toks=\toks36
\pgfmath@stack@operand=\toks37
\pgfmath@stack@operation=\toks38
)
(/usr/local/texlive/2013/texmf-dist/tex/generic/pgf/math/pgfmathfunctions.code.
tex
(/usr/local/texlive/2013/texmf-dist/tex/generic/pgf/math/pgfmathfunctions.basic
.code.tex)
(/usr/local/texlive/2013/texmf-dist/tex/generic/pgf/math/pgfmathfunctions.trigo
nometric.code.tex)
(/usr/local/texlive/2013/texmf-dist/tex/generic/pgf/math/pgfmathfunctions.rando
m.code.tex)
(/usr/local/texlive/2013/texmf-dist/tex/generic/pgf/math/pgfmathfunctions.compa
rison.code.tex)
(/usr/local/texlive/2013/texmf-dist/tex/generic/pgf/math/pgfmathfunctions.base.
code.tex)
(/usr/local/texlive/2013/texmf-dist/tex/generic/pgf/math/pgfmathfunctions.round
.code.tex)
(/usr/local/texlive/2013/texmf-dist/tex/generic/pgf/math/pgfmathfunctions.misc.
code.tex)))
(/usr/local/texlive/2013/texmf-dist/tex/generic/pgf/math/pgfmathfloat.code.tex
\c@pgfmathroundto@lastzeros=\count177
))
(/usr/local/texlive/2013/texmf-dist/tex/generic/pgf/basiclayer/pgfcorepoints.co
de.tex
File: pgfcorepoints.code.tex 2010/04/09  (rcs-revision 1.20)
\pgf@picminx=\dimen190
\pgf@picmaxx=\dimen191
\pgf@picminy=\dimen192
\pgf@picmaxy=\dimen193
\pgf@pathminx=\dimen194
\pgf@pathmaxx=\dimen195
\pgf@pathminy=\dimen196
\pgf@pathmaxy=\dimen197
\pgf@xx=\dimen198
\pgf@xy=\dimen199
\pgf@yx=\dimen200
\pgf@yy=\dimen201
\pgf@zx=\dimen202
\pgf@zy=\dimen203
)
(/usr/local/texlive/2013/texmf-dist/tex/generic/pgf/basiclayer/pgfcorepathconst
ruct.code.tex
File: pgfcorepathconstruct.code.tex 2010/08/03  (rcs-revision 1.24)
\pgf@path@lastx=\dimen204
\pgf@path@lasty=\dimen205
)
(/usr/local/texlive/2013/texmf-dist/tex/generic/pgf/basiclayer/pgfcorepathusage
.code.tex
File: pgfcorepathusage.code.tex 2008/04/22  (rcs-revision 1.12)
\pgf@shorten@end@additional=\dimen206
\pgf@shorten@start@additional=\dimen207
)
(/usr/local/texlive/2013/texmf-dist/tex/generic/pgf/basiclayer/pgfcorescopes.co
de.tex
File: pgfcorescopes.code.tex 2010/09/08  (rcs-revision 1.34)
\pgfpic=\box36
\pgf@hbox=\box37
\pgf@layerbox@main=\box38
\pgf@picture@serial@count=\count178
)
(/usr/local/texlive/2013/texmf-dist/tex/generic/pgf/basiclayer/pgfcoregraphicst
ate.code.tex
File: pgfcoregraphicstate.code.tex 2008/04/22  (rcs-revision 1.9)
\pgflinewidth=\dimen208
)
(/usr/local/texlive/2013/texmf-dist/tex/generic/pgf/basiclayer/pgfcoretransform
ations.code.tex
File: pgfcoretransformations.code.tex 2009/06/10  (rcs-revision 1.11)
\pgf@pt@x=\dimen209
\pgf@pt@y=\dimen210
\pgf@pt@temp=\dimen211
)
(/usr/local/texlive/2013/texmf-dist/tex/generic/pgf/basiclayer/pgfcorequick.cod
e.tex
File: pgfcorequick.code.tex 2008/10/09  (rcs-revision 1.3)
)
(/usr/local/texlive/2013/texmf-dist/tex/generic/pgf/basiclayer/pgfcoreobjects.c
ode.tex
File: pgfcoreobjects.code.tex 2006/10/11  (rcs-revision 1.2)
)
(/usr/local/texlive/2013/texmf-dist/tex/generic/pgf/basiclayer/pgfcorepathproce
ssing.code.tex
File: pgfcorepathprocessing.code.tex 2008/10/09  (rcs-revision 1.8)
)
(/usr/local/texlive/2013/texmf-dist/tex/generic/pgf/basiclayer/pgfcorearrows.co
de.tex
File: pgfcorearrows.code.tex 2008/04/23  (rcs-revision 1.11)
)
(/usr/local/texlive/2013/texmf-dist/tex/generic/pgf/basiclayer/pgfcoreshade.cod
e.tex
File: pgfcoreshade.code.tex 2008/11/23  (rcs-revision 1.13)
\pgf@max=\dimen212
\pgf@sys@shading@range@num=\count179
)
(/usr/local/texlive/2013/texmf-dist/tex/generic/pgf/basiclayer/pgfcoreimage.cod
e.tex
File: pgfcoreimage.code.tex 2010/03/25  (rcs-revision 1.16)

(/usr/local/texlive/2013/texmf-dist/tex/generic/pgf/basiclayer/pgfcoreexternal.
code.tex
File: pgfcoreexternal.code.tex 2010/09/01  (rcs-revision 1.17)
\pgfexternal@startupbox=\box39
))
(/usr/local/texlive/2013/texmf-dist/tex/generic/pgf/basiclayer/pgfcorelayers.co
de.tex
File: pgfcorelayers.code.tex 2010/08/27  (rcs-revision 1.2)
)
(/usr/local/texlive/2013/texmf-dist/tex/generic/pgf/basiclayer/pgfcoretranspare
ncy.code.tex
File: pgfcoretransparency.code.tex 2008/01/17  (rcs-revision 1.2)
)
(/usr/local/texlive/2013/texmf-dist/tex/generic/pgf/basiclayer/pgfcorepatterns.
code.tex
File: pgfcorepatterns.code.tex 2009/07/02  (rcs-revision 1.3)
)))
(/usr/local/texlive/2013/texmf-dist/tex/generic/pgf/modules/pgfmoduleshapes.cod
e.tex
File: pgfmoduleshapes.code.tex 2010/09/09  (rcs-revision 1.13)
\pgfnodeparttextbox=\box40
)
(/usr/local/texlive/2013/texmf-dist/tex/generic/pgf/modules/pgfmoduleplot.code.
tex
File: pgfmoduleplot.code.tex 2010/10/22  (rcs-revision 1.8)
)
(/usr/local/texlive/2013/texmf-dist/tex/latex/pgf/compatibility/pgfcomp-version
-0-65.sty
Package: pgfcomp-version-0-65 2007/07/03 v2.10 (rcs-revision 1.7)
\pgf@nodesepstart=\dimen213
\pgf@nodesepend=\dimen214
)
(/usr/local/texlive/2013/texmf-dist/tex/latex/pgf/compatibility/pgfcomp-version
-1-18.sty
Package: pgfcomp-version-1-18 2007/07/23 v2.10 (rcs-revision 1.1)
))
(/usr/local/texlive/2013/texmf-dist/tex/latex/pgf/utilities/pgffor.sty
(/usr/local/texlive/2013/texmf-dist/tex/latex/pgf/utilities/pgfkeys.sty
(/usr/local/texlive/2013/texmf-dist/tex/generic/pgf/utilities/pgfkeys.code.tex)
) (/usr/local/texlive/2013/texmf-dist/tex/generic/pgf/utilities/pgffor.code.tex
Package: pgffor 2010/03/23 v2.10 (rcs-revision 1.18)
\pgffor@iter=\dimen215
\pgffor@skip=\dimen216
\pgffor@stack=\toks39
\pgffor@toks=\toks40
))
(/usr/local/texlive/2013/texmf-dist/tex/generic/pgf/frontendlayer/tikz/tikz.cod
e.tex
Package: tikz 2010/10/13 v2.10 (rcs-revision 1.76)

(/usr/local/texlive/2013/texmf-dist/tex/generic/pgf/libraries/pgflibraryplothan
dlers.code.tex
File: pgflibraryplothandlers.code.tex 2010/05/31 v2.10 (rcs-revision 1.15)
\pgf@plot@mark@count=\count180
\pgfplotmarksize=\dimen217
)
\tikz@lastx=\dimen218
\tikz@lasty=\dimen219
\tikz@lastxsaved=\dimen220
\tikz@lastysaved=\dimen221
\tikzleveldistance=\dimen222
\tikzsiblingdistance=\dimen223
\tikz@figbox=\box41
\tikz@tempbox=\box42
\tikztreelevel=\count181
\tikznumberofchildren=\count182
\tikznumberofcurrentchild=\count183
\tikz@fig@count=\count184

(/usr/local/texlive/2013/texmf-dist/tex/generic/pgf/modules/pgfmodulematrix.cod
e.tex
File: pgfmodulematrix.code.tex 2010/08/24  (rcs-revision 1.4)
\pgfmatrixcurrentrow=\count185
\pgfmatrixcurrentcolumn=\count186
\pgf@matrix@numberofcolumns=\count187
)
\tikz@expandcount=\count188

(/usr/local/texlive/2013/texmf-dist/tex/generic/pgf/frontendlayer/tikz/librarie
s/tikzlibrarytopaths.code.tex
File: tikzlibrarytopaths.code.tex 2008/06/17 v2.10 (rcs-revision 1.2)
)))
(/usr/local/texlive/2013/texmf-dist/tex/generic/pgf/frontendlayer/tikz/librarie
s/tikzlibraryshapes.symbols.code.tex
File: tikzlibraryshapes.symbols.code.tex 2008/01/09 v2.10 (rcs-revision 1.1)

(/usr/local/texlive/2013/texmf-dist/tex/generic/pgf/libraries/shapes/pgflibrary
shapes.symbols.code.tex
File: pgflibraryshapes.symbols.code.tex 2009/10/27 v2.10 (rcs-revision 1.3)
))
(/usr/local/texlive/2013/texmf-dist/tex/latex/marginnote/marginnote.sty
Package: marginnote 2012/03/29 v1.1i non floating margin notes for LaTeX
\c@mn@abspage=\count189
)
(/usr/local/texlive/2013/texmf-dist/tex/latex/tools/multicol.sty
Package: multicol 2011/06/27 v1.7a multicolumn formatting (FMi)
\c@tracingmulticols=\count190
\mult@box=\box43
\multicol@leftmargin=\dimen224
\c@unbalance=\count191
\c@collectmore=\count192
\doublecol@number=\count193
\multicoltolerance=\count194
\multicolpretolerance=\count195
\full@width=\dimen225
\page@free=\dimen226
\premulticols=\dimen227
\postmulticols=\dimen228
\multicolsep=\skip195
\multicolbaselineskip=\skip196
\partial@page=\box44
\last@line=\box45
\mult@rightbox=\box46
\mult@grightbox=\box47
\mult@gfirstbox=\box48
\mult@firstbox=\box49
\@tempa=\box50
\@tempa=\box51
\@tempa=\box52
\@tempa=\box53
\@tempa=\box54
\@tempa=\box55
\@tempa=\box56
\@tempa=\box57
\@tempa=\box58
\@tempa=\box59
\@tempa=\box60
\@tempa=\box61
\@tempa=\box62
\@tempa=\box63
\@tempa=\box64
\@tempa=\box65
\@tempa=\box66
\c@columnbadness=\count196
\c@finalcolumnbadness=\count197
Normal \dimen register pool exhausted, switching to extended pool.
\last@try=\dimen256
\multicolovershoot=\dimen257
\multicolundershoot=\dimen258
\mult@nat@firstbox=\box67
\colbreak@box=\box68
\multicol@sort@counter=\count198
)
(/usr/local/texlive/2013/texmf-dist/tex/latex/oberdiek/stackrel.sty
Package: stackrel 2007/11/11 v1.2 Adding subscript option to stackrel (HO)

(/usr/local/texlive/2013/texmf-dist/tex/generic/oberdiek/etexcmds.sty
Package: etexcmds 2011/02/16 v1.5 Avoid name clashes with e-TeX commands (HO)
Package etexcmds Info: Could not find \expanded.
(etexcmds)             That can mean that you are not using pdfTeX 1.50 or
(etexcmds)             that some package has redefined \expanded.
(etexcmds)             In the latter case, load this package earlier.
)
(/usr/local/texlive/2013/texmf-dist/tex/generic/oberdiek/pdftexcmds.sty
Package: pdftexcmds 2011/11/29 v0.20 Utility functions of pdfTeX for LuaTeX (HO
)
Package pdftexcmds Info: LuaTeX not detected.
Package pdftexcmds Info: \pdf@primitive is available.
Package pdftexcmds Info: \pdf@ifprimitive is available.
Package pdftexcmds Info: \pdfdraftmode found.
))
(/usr/local/texlive/2013/texmf-dist/tex/latex/hyperref/hyperref.sty
Package: hyperref 2012/11/06 v6.83m Hypertext links for LaTeX

(/usr/local/texlive/2013/texmf-dist/tex/generic/oberdiek/hobsub-hyperref.sty
Package: hobsub-hyperref 2012/05/28 v1.13 Bundle oberdiek, subset hyperref (HO)


(/usr/local/texlive/2013/texmf-dist/tex/generic/oberdiek/hobsub-generic.sty
Package: hobsub-generic 2012/05/28 v1.13 Bundle oberdiek, subset generic (HO)
Package: hobsub 2012/05/28 v1.13 Construct package bundles (HO)
Package hobsub Info: Skipping package `infwarerr' (already loaded).
Package hobsub Info: Skipping package `ltxcmds' (already loaded).
Package hobsub Info: Skipping package `ifluatex' (already loaded).
Package hobsub Info: Skipping package `ifvtex' (already loaded).
Package: intcalc 2007/09/27 v1.1 Expandable calculations with integers (HO)
Package hobsub Info: Skipping package `ifpdf' (already loaded).
Package hobsub Info: Skipping package `etexcmds' (already loaded).
Package: kvsetkeys 2012/04/25 v1.16 Key value parser (HO)
Package: kvdefinekeys 2011/04/07 v1.3 Define keys (HO)
Package hobsub Info: Skipping package `pdftexcmds' (already loaded).
Package: pdfescape 2011/11/25 v1.13 Implements pdfTeX's escape features (HO)
Package: bigintcalc 2012/04/08 v1.3 Expandable calculations on big integers (HO
)
Package: bitset 2011/01/30 v1.1 Handle bit-vector datatype (HO)
Package: uniquecounter 2011/01/30 v1.2 Provide unlimited unique counter (HO)
)
Package hobsub Info: Skipping package `hobsub' (already loaded).
Package: letltxmacro 2010/09/02 v1.4 Let assignment for LaTeX macros (HO)
Package: hopatch 2012/05/28 v1.2 Wrapper for package hooks (HO)
Package: xcolor-patch 2011/01/30 xcolor patch
Package: atveryend 2011/06/30 v1.8 Hooks at the very end of document (HO)
Package: atbegshi 2011/10/05 v1.16 At begin shipout hook (HO)
Package: refcount 2011/10/16 v3.4 Data extraction from label references (HO)
Package: hycolor 2011/01/30 v1.7 Color options for hyperref/bookmark (HO)
)
(/usr/local/texlive/2013/texmf-dist/tex/latex/oberdiek/auxhook.sty
Package: auxhook 2011/03/04 v1.3 Hooks for auxiliary files (HO)
)
(/usr/local/texlive/2013/texmf-dist/tex/latex/oberdiek/kvoptions.sty
Package: kvoptions 2011/06/30 v3.11 Key value format for package options (HO)
)
\@linkdim=\dimen259
\Hy@linkcounter=\count199
\Hy@pagecounter=\count200

(/usr/local/texlive/2013/texmf-dist/tex/latex/hyperref/pd1enc.def
File: pd1enc.def 2012/11/06 v6.83m Hyperref: PDFDocEncoding definition (HO)
)
\Hy@SavedSpaceFactor=\count201

(/usr/local/texlive/2013/texmf-dist/tex/latex/latexconfig/hyperref.cfg
File: hyperref.cfg 2002/06/06 v1.2 hyperref configuration of TeXLive
)
Package hyperref Info: Hyper figures OFF on input line 4443.
Package hyperref Info: Link nesting OFF on input line 4448.
Package hyperref Info: Hyper index ON on input line 4451.
Package hyperref Info: Plain pages OFF on input line 4458.
Package hyperref Info: Backreferencing OFF on input line 4463.
Package hyperref Info: Implicit mode ON; LaTeX internals redefined.
Package hyperref Info: Bookmarks ON on input line 4688.
\c@Hy@tempcnt=\count202

(/usr/local/texlive/2013/texmf-dist/tex/latex/url/url.sty
\Urlmuskip=\muskip11
Package: url 2006/04/12  ver 3.3  Verb mode for urls, etc.
)
LaTeX Info: Redefining \url on input line 5041.
\XeTeXLinkMargin=\dimen260
\Fld@menulength=\count203
\Field@Width=\dimen261
\Fld@charsize=\dimen262
Package hyperref Info: Hyper figures OFF on input line 6295.
Package hyperref Info: Link nesting OFF on input line 6300.
Package hyperref Info: Hyper index ON on input line 6303.
Package hyperref Info: backreferencing OFF on input line 6310.
Package hyperref Info: Link coloring OFF on input line 6315.
Package hyperref Info: Link coloring with OCG OFF on input line 6320.
Package hyperref Info: PDF/A mode OFF on input line 6325.
LaTeX Info: Redefining \ref on input line 6365.
LaTeX Info: Redefining \pageref on input line 6369.
\Hy@abspage=\count204
\c@Item=\count205
\c@Hfootnote=\count206
)
(/usr/local/texlive/2013/texmf-dist/tex/latex/memoir/memhfixc.sty
Package: memhfixc 2013/05/16 v1.16 nameref/hyperref package fixes for memoir cl
ass
\c@memhycontfloat=\count207
\c@Hpagenote=\count208
)

Package hyperref Message: Driver (autodetected): hpdftex.

(/usr/local/texlive/2013/texmf-dist/tex/latex/hyperref/hpdftex.def
File: hpdftex.def 2012/11/06 v6.83m Hyperref driver for pdfTeX
\Fld@listcount=\count209
\c@bookmark@seq@number=\count210

(/usr/local/texlive/2013/texmf-dist/tex/latex/oberdiek/rerunfilecheck.sty
Package: rerunfilecheck 2011/04/15 v1.7 Rerun checks for auxiliary files (HO)
Package uniquecounter Info: New unique counter `rerunfilecheck' on input line 2
82.
)
\Hy@SectionHShift=\skip197
)
(/usr/local/texlive/2013/texmf-dist/tex/latex/mdframed/mdframed.sty
Package: mdframed 2013/03/09\ 1.8: mdframed

(/usr/local/texlive/2013/texmf-dist/tex/latex/l3packages/xparse/xparse.sty
(/usr/local/texlive/2013/texmf-dist/tex/latex/l3kernel/expl3.sty
(/usr/local/texlive/2013/texmf-dist/tex/latex/l3kernel/l3names.sty
(/usr/local/texlive/2013/texmf-dist/tex/latex/l3kernel/l3bootstrap.sty
Package: l3bootstrap 2013/01/08 v4420 L3 Experimental bootstrap code
)
Package: l3names 2012/12/07 v4346 L3 Namespace for primitives
)
Package: expl3 2013/03/14 v4469 L3 Experimental code bundle wrapper

(/usr/local/texlive/2013/texmf-dist/tex/latex/l3kernel/l3basics.sty
Package: l3basics 2013/01/10 v4428 L3 Basic definitions
)
(/usr/local/texlive/2013/texmf-dist/tex/latex/l3kernel/l3expan.sty
Package: l3expan 2013/02/03 v4458 L3 Argument expansion
)
(/usr/local/texlive/2013/texmf-dist/tex/latex/l3kernel/l3tl.sty
Package: l3tl 2013/01/08 v4415 L3 Token lists
)
(/usr/local/texlive/2013/texmf-dist/tex/latex/l3kernel/l3seq.sty
Package: l3seq 2013/01/12 v4434 L3 Sequences and stacks
)
(/usr/local/texlive/2013/texmf-dist/tex/latex/l3kernel/l3int.sty
Package: l3int 2013/01/13 v4444 L3 Integers
Normal \count register pool exhausted, switching to extended pool.
\c_max_int=\count277
\l_tmpa_int=\count278
\l_tmpb_int=\count279
\g_tmpa_int=\count280
\g_tmpb_int=\count281
)
(/usr/local/texlive/2013/texmf-dist/tex/latex/l3kernel/l3quark.sty
Package: l3quark 2012/11/04 v4268 L3 Quarks
)
(/usr/local/texlive/2013/texmf-dist/tex/latex/l3kernel/l3prg.sty
Package: l3prg 2013/02/13 v4459 L3 Control structures
\g__prg_map_int=\count282
)
(/usr/local/texlive/2013/texmf-dist/tex/latex/l3kernel/l3clist.sty
Package: l3clist 2013/01/08 v4414 L3 Comma separated lists
)
(/usr/local/texlive/2013/texmf-dist/tex/latex/l3kernel/l3token.sty
Package: l3token 2013/01/10 v4428 L3 Experimental token manipulation
)
(/usr/local/texlive/2013/texmf-dist/tex/latex/l3kernel/l3prop.sty
Package: l3prop 2013/01/09 v4423 L3 Property lists
)
(/usr/local/texlive/2013/texmf-dist/tex/latex/l3kernel/l3msg.sty
Package: l3msg 2013/01/08 v4412 L3 Messages
)
(/usr/local/texlive/2013/texmf-dist/tex/latex/l3kernel/l3file.sty
Package: l3file 2013/01/14 v4446 L3 File and I/O operations
\l_iow_line_count_int=\count283
\l__iow_target_count_int=\count284
\l__iow_current_line_int=\count285
\l__iow_current_word_int=\count286
\l__iow_current_indentation_int=\count287
)
(/usr/local/texlive/2013/texmf-dist/tex/latex/l3kernel/l3skip.sty
Package: l3skip 2013/01/13 v4444 L3 Dimensions and skips
\c_zero_dim=\dimen263
\c_max_dim=\dimen264
\l_tmpa_dim=\dimen265
\l_tmpb_dim=\dimen266
\g_tmpa_dim=\dimen267
\g_tmpb_dim=\dimen268
Normal \skip register pool exhausted, switching to extended pool.
\c_zero_skip=\skip256
\c_max_skip=\skip257
\l_tmpa_skip=\skip258
\l_tmpb_skip=\skip259
\g_tmpa_skip=\skip260
\g_tmpb_skip=\skip261
\c_zero_muskip=\muskip12
\c_max_muskip=\muskip13
\l_tmpa_muskip=\muskip14
\l_tmpb_muskip=\muskip15
\g_tmpa_muskip=\muskip16
\g_tmpb_muskip=\muskip17
)
(/usr/local/texlive/2013/texmf-dist/tex/latex/l3kernel/l3keys.sty
Package: l3keys 2013/02/24 v4461 L3 Experimental key-value interfaces
\g__keyval_level_int=\count288
\l_keys_choice_int=\count289
)
(/usr/local/texlive/2013/texmf-dist/tex/latex/l3kernel/l3fp.sty
Package: l3fp 2013/01/19 v4449 L3 Floating points
\c__fp_leading_shift_int=\count290
\c__fp_middle_shift_int=\count291
\c__fp_trailing_shift_int=\count292
\c__fp_big_leading_shift_int=\count293
\c__fp_big_middle_shift_int=\count294
\c__fp_big_trailing_shift_int=\count295
\c__fp_Bigg_leading_shift_int=\count296
\c__fp_Bigg_middle_shift_int=\count297
\c__fp_Bigg_trailing_shift_int=\count298
)
(/usr/local/texlive/2013/texmf-dist/tex/latex/l3kernel/l3box.sty
Package: l3box 2013/01/08 v4411 L3 Experimental boxes
\c_empty_box=\box69
\l_tmpa_box=\box70
\l_tmpb_box=\box71
\g_tmpa_box=\box72
\g_tmpb_box=\box73
)
(/usr/local/texlive/2013/texmf-dist/tex/latex/l3kernel/l3coffins.sty
Package: l3coffins 2012/09/09 v4212 L3 Coffin code layer
\l__coffin_internal_box=\box74
\l__coffin_internal_dim=\dimen269
\l__coffin_offset_x_dim=\dimen270
\l__coffin_offset_y_dim=\dimen271
\l__coffin_x_dim=\dimen272
\l__coffin_y_dim=\dimen273
\l__coffin_x_prime_dim=\dimen274
\l__coffin_y_prime_dim=\dimen275
\c_empty_coffin=\box75
\l__coffin_aligned_coffin=\box76
\l__coffin_aligned_internal_coffin=\box77
\l_tmpa_coffin=\box78
\l_tmpb_coffin=\box79
\l__coffin_display_coffin=\box80
\l__coffin_display_coord_coffin=\box81
\l__coffin_display_pole_coffin=\box82
\l__coffin_display_offset_dim=\dimen276
\l__coffin_display_x_dim=\dimen277
\l__coffin_display_y_dim=\dimen278
)
(/usr/local/texlive/2013/texmf-dist/tex/latex/l3kernel/l3color.sty
Package: l3color 2012/08/29 v4156 L3 Experimental color support
)
(/usr/local/texlive/2013/texmf-dist/tex/latex/l3kernel/l3luatex.sty
Package: l3luatex 2012/08/03 v4049 L3 Experimental LuaTeX-specific functions
\g__cctab_allocate_int=\count299
\g__cctab_stack_int=\count300
)
(/usr/local/texlive/2013/texmf-dist/tex/latex/l3kernel/l3candidates.sty
Package: l3candidates 2013/03/14 v4468 L3 Experimental additions to l3kernel
\l__box_top_dim=\dimen279
\l__box_bottom_dim=\dimen280
\l__box_left_dim=\dimen281
\l__box_right_dim=\dimen282
\l__box_top_new_dim=\dimen283
\l__box_bottom_new_dim=\dimen284
\l__box_left_new_dim=\dimen285
\l__box_right_new_dim=\dimen286
\l__box_internal_box=\box83
\l__coffin_bounding_shift_dim=\dimen287
\l__coffin_left_corner_dim=\dimen288
\l__coffin_right_corner_dim=\dimen289
\l__coffin_bottom_corner_dim=\dimen290
\l__coffin_top_corner_dim=\dimen291
\l__coffin_scaled_total_height_dim=\dimen292
\l__coffin_scaled_width_dim=\dimen293
))
Package: xparse 2013/03/12 v4467 L3 Experimental document command parser
\l__xparse_current_arg_int=\count301
\l__xparse_m_args_int=\count302
\l__xparse_mandatory_args_int=\count303
\l__xparse_processor_int=\count304
\l__xparse_v_nesting_int=\count305
)
(/usr/local/texlive/2013/texmf-dist/tex/latex/oberdiek/zref-abspage.sty
Package: zref-abspage 2012/04/04 v2.24 Module abspage for zref (HO)

(/usr/local/texlive/2013/texmf-dist/tex/latex/oberdiek/zref-base.sty
Package: zref-base 2012/04/04 v2.24 Module base for zref (HO)
Package zref Info: New property list: main on input line 759.
Package zref Info: New property: default on input line 760.
Package zref Info: New property: page on input line 761.
)
\c@abspage=\count306
Package zref Info: New property: abspage on input line 62.
)
\mdf@templength=\skip262
\c@mdf@globalstyle@cnt=\count307
\mdf@skipabove@length=\skip263
\mdf@skipbelow@length=\skip264
\mdf@leftmargin@length=\skip265
\mdf@rightmargin@length=\skip266
\mdf@innerleftmargin@length=\skip267
\mdf@innerrightmargin@length=\skip268
\mdf@innertopmargin@length=\skip269
\mdf@innerbottommargin@length=\skip270
\mdf@splittopskip@length=\skip271
\mdf@splitbottomskip@length=\skip272
\mdf@outermargin@length=\skip273
\mdf@innermargin@length=\skip274
\mdf@linewidth@length=\skip275
\mdf@innerlinewidth@length=\skip276
\mdf@middlelinewidth@length=\skip277
\mdf@outerlinewidth@length=\skip278
\mdf@roundcorner@length=\skip279
\mdf@footenotedistance@length=\skip280
\mdf@userdefinedwidth@length=\skip281
\mdf@frametitleaboveskip@length=\skip282
\mdf@frametitlebelowskip@length=\skip283
\mdf@frametitlerulewidth@length=\skip284
\mdf@frametitleleftmargin@length=\skip285
\mdf@frametitlerightmargin@length=\skip286
\mdf@shadowsize@length=\skip287
\mdf@extratopheight@length=\skip288
\mdf@subtitleabovelinewidth@length=\skip289
\mdf@subtitlebelowlinewidth@length=\skip290
\mdf@subtitleaboveskip@length=\skip291
\mdf@subtitlebelowskip@length=\skip292
\mdf@subtitleinneraboveskip@length=\skip293
\mdf@subtitleinnerbelowskip@length=\skip294
\mdf@subsubtitleabovelinewidth@length=\skip295
\mdf@subsubtitlebelowlinewidth@length=\skip296
\mdf@subsubtitleaboveskip@length=\skip297
\mdf@subsubtitlebelowskip@length=\skip298
\mdf@subsubtitleinneraboveskip@length=\skip299
\mdf@subsubtitleinnerbelowskip@length=\skip300
\mdf@frametitlebox=\box84
\mdf@footnotebox=\box85
\mdf@splitbox@one=\box86
\mdf@splitbox@two=\box87
\mdf@splitbox@save=\box88
\mdfsplitboxwidth=\skip301
\mdfsplitboxtotalwidth=\skip302
\mdfsplitboxheight=\skip303
\mdfsplitboxdepth=\skip304
\mdfsplitboxtotalheight=\skip305
\mdfframetitleboxwidth=\skip306
\mdfframetitleboxtotalwidth=\skip307
\mdfframetitleboxheight=\skip308
\mdfframetitleboxdepth=\skip309
\mdfframetitleboxtotalheight=\skip310
\mdffootnoteboxwidth=\skip311
\mdffootnoteboxtotalwidth=\skip312
\mdffootnoteboxheight=\skip313
\mdffootnoteboxdepth=\skip314
\mdffootnoteboxtotalheight=\skip315
\mdftotallinewidth=\skip316
\mdfboundingboxwidth=\skip317
\mdfboundingboxtotalwidth=\skip318
\mdfboundingboxheight=\skip319
\mdfboundingboxdepth=\skip320
\mdfboundingboxtotalheight=\skip321
\mdf@freevspace@length=\skip322
\mdf@horizontalwidthofbox@length=\skip323
\mdf@verticalmarginwhole@length=\skip324

****** mdframed patching \endmdf@trivlist

****** -- success******

.................................................
. LaTeX info: "xparse/define-command"
. 
. Defining document command \newmdtheoremenv with arg. spec. 'O{} m o m o ' on
. line 548.
.................................................
.................................................
. LaTeX info: "xparse/define-command"
. 
. Defining document command \mdtheorem with arg. spec. ' O{} m o m o ' on line
. 639.
.................................................

(/usr/local/texlive/2013/texmf-dist/tex/latex/mdframed/md-frame-1.mdf
File: md-frame-1.mdf 2013/03/09\ 1.8: md-frame-1
)
\mdf@envdepth=\count308
\c@mdf@env@i=\count309
\c@mdf@env@ii=\count310
\c@mdf@zref@counter=\count311
Package zref Info: New property: mdf@pagevalue on input line 840.
\mdf@horizontalspaceofbox=\skip325
)
\c@factCnt=\count312
)
(./lecenvironments.sty
\c@exerlsti=\count313
\enitdp@exerlst=\count314
\proofsep=\skip326
) (./lecsymbols.sty
Package: lecsymbols 2015/01/11 math symbols for lecture notes package
) (./print.aux)
\openout1 = `print.aux'.

LaTeX Font Info:    Checking defaults for OML/cmm/m/it on input line 13.
LaTeX Font Info:    ... okay on input line 13.
LaTeX Font Info:    Checking defaults for T1/cmr/m/n on input line 13.
LaTeX Font Info:    ... okay on input line 13.
LaTeX Font Info:    Checking defaults for OT1/cmr/m/n on input line 13.
LaTeX Font Info:    ... okay on input line 13.
LaTeX Font Info:    Checking defaults for OMS/cmsy/m/n on input line 13.
LaTeX Font Info:    ... okay on input line 13.
LaTeX Font Info:    Checking defaults for OMX/cmex/m/n on input line 13.
LaTeX Font Info:    ... okay on input line 13.
LaTeX Font Info:    Checking defaults for U/cmr/m/n on input line 13.
LaTeX Font Info:    ... okay on input line 13.
LaTeX Font Info:    Checking defaults for PD1/pdf/m/n on input line 13.
LaTeX Font Info:    ... okay on input line 13.
LaTeX Font Info:    Try loading font information for T1+ppl on input line 13.

(/usr/local/texlive/2013/texmf-dist/tex/latex/psnfss/t1ppl.fd
File: t1ppl.fd 2001/06/04 font definitions for T1/ppl.
)
(/usr/local/texlive/2013/texmf-dist/tex/context/base/supp-pdf.mkii
[Loading MPS to PDF converter (version 2006.09.02).]
\scratchcounter=\count315
\scratchdimen=\dimen294
\scratchbox=\box89
\nofMPsegments=\count316
\nofMParguments=\count317
\everyMPshowfont=\toks41
\MPscratchCnt=\count318
\MPscratchDim=\dimen295
\MPnumerator=\count319
\makeMPintoPDFobject=\count320
\everyMPtoPDFconversion=\toks42
)
*geometry* driver: auto-detecting
*geometry* detected driver: pdftex
*geometry* verbose mode - [ preamble ] result:
* driver: pdftex
* paper: letterpaper
* layout: <same size as paper>
* layoutoffset:(h,v)=(0.0pt,0.0pt)
* modes: twoside 
* h-part:(L,W,R)=(73.71613pt, 430.00462pt, 110.57425pt)
* v-part:(T,H,B)=(95.39737pt, 556.47656pt, 143.09605pt)
* \paperwidth=614.295pt
* \paperheight=794.96999pt
* \textwidth=430.00462pt
* \textheight=556.47656pt
* \oddsidemargin=1.44614pt
* \evensidemargin=38.30426pt
* \topmargin=-6.94011pt
* \headheight=12.0pt
* \headsep=18.06749pt
* \topskip=10.0pt
* \footskip=25.29494pt
* \marginparwidth=128.0pt
* \marginparsep=7.0pt
* \columnsep=10.0pt
* \skip\footins=12.0pt plus 4.0pt minus 4.0pt
* \hoffset=0.0pt
* \voffset=0.0pt
* \mag=1000
* \@twocolumnfalse
* \@twosidetrue
* \@mparswitchtrue
* \@reversemarginfalse
* (1in=72.27pt=25.4mm, 1cm=28.453pt)

LaTeX Font Info:    Redeclaring symbol font `operators' on input line 13.
LaTeX Font Info:    Overwriting symbol font `operators' in version `normal'
(Font)                  OT1/cmr/m/n --> OT1/ppl/m/n on input line 13.
LaTeX Font Info:    Overwriting symbol font `operators' in version `bold'
(Font)                  OT1/cmr/bx/n --> OT1/ppl/m/n on input line 13.
LaTeX Font Info:    Overwriting symbol font `operators' in version `bold'
(Font)                  OT1/ppl/m/n --> OT1/ppl/bx/n on input line 13.
LaTeX Font Info:    Redeclaring math alphabet \mathbf on input line 13.
LaTeX Font Info:    Overwriting math alphabet `\mathbf' in version `normal'
(Font)                  OT1/cmr/bx/n --> OT1/ppl/bx/n on input line 13.
LaTeX Font Info:    Overwriting math alphabet `\mathbf' in version `bold'
(Font)                  OT1/cmr/bx/n --> OT1/ppl/bx/n on input line 13.
LaTeX Font Info:    Redeclaring math alphabet \mathsf on input line 13.
LaTeX Font Info:    Overwriting math alphabet `\mathsf' in version `normal'
(Font)                  OT1/cmss/m/n --> OT1/phv/m/n on input line 13.
LaTeX Font Info:    Overwriting math alphabet `\mathsf' in version `bold'
(Font)                  OT1/cmss/bx/n --> OT1/phv/m/n on input line 13.
LaTeX Font Info:    Redeclaring math alphabet \mathit on input line 13.
LaTeX Font Info:    Overwriting math alphabet `\mathit' in version `normal'
(Font)                  OT1/cmr/m/it --> OT1/ppl/m/it on input line 13.
LaTeX Font Info:    Overwriting math alphabet `\mathit' in version `bold'
(Font)                  OT1/cmr/bx/it --> OT1/ppl/m/it on input line 13.
LaTeX Font Info:    Redeclaring math alphabet \mathtt on input line 13.
LaTeX Font Info:    Overwriting math alphabet `\mathtt' in version `normal'
(Font)                  OT1/cmtt/m/n --> OT1/pcr/m/n on input line 13.
LaTeX Font Info:    Overwriting math alphabet `\mathtt' in version `bold'
(Font)                  OT1/cmtt/m/n --> OT1/pcr/m/n on input line 13.
LaTeX Font Info:    Overwriting math alphabet `\mathsf' in version `bold'
(Font)                  OT1/phv/m/n --> OT1/phv/bx/n on input line 13.
LaTeX Font Info:    Overwriting math alphabet `\mathit' in version `bold'
(Font)                  OT1/ppl/m/it --> OT1/ppl/bx/it on input line 13.
LaTeX Info: Redefining \microtypecontext on input line 13.
Package microtype Info: Generating PDF output.
Package microtype Info: Character protrusion enabled (level 2).
Package microtype Info: Using default protrusion set `alltext'.
Package microtype Info: Automatic font expansion enabled (level 2),
(microtype)             stretch: 20, shrink: 20, step: 1, non-selected.
Package microtype Info: Using default expansion set `basictext'.
Package microtype Info: No adjustment of tracking.
Package microtype Info: No adjustment of interword spacing.
Package microtype Info: No adjustment of character kerning.
(/usr/local/texlive/2013/texmf-dist/tex/latex/microtype/mt-ppl.cfg
File: mt-ppl.cfg 2005/11/16 v1.6 microtype config. file: Palatino (RS)
)
\c@lstlisting=\count321

ABD: EveryShipout initializing macros
(/usr/local/texlive/2013/texmf-dist/tex/latex/oberdiek/epstopdf-base.sty
Package: epstopdf-base 2010/02/09 v2.5 Base part for package epstopdf

(/usr/local/texlive/2013/texmf-dist/tex/latex/oberdiek/grfext.sty
Package: grfext 2010/08/19 v1.1 Manage graphics extensions (HO)
)
Package grfext Info: Graphics extension search list:
(grfext)             [.png,.pdf,.jpg,.mps,.jpeg,.jbig2,.jb2,.PNG,.PDF,.JPG,.JPE
G,.JBIG2,.JB2,.eps]
(grfext)             \AppendGraphicsExtensions on input line 452.

(/usr/local/texlive/2013/texmf-dist/tex/latex/latexconfig/epstopdf-sys.cfg
File: epstopdf-sys.cfg 2010/07/13 v1.3 Configuration of (r)epstopdf for TeX Liv
e
))
Package marginnote Info: \pdfoutput not 0 and \pdflastxpos available.
(marginnote)             Extended position detection mode activated.
\AtBeginShipoutBox=\box90
Package hyperref Info: Link coloring OFF on input line 13.

(/usr/local/texlive/2013/texmf-dist/tex/latex/hyperref/nameref.sty
Package: nameref 2012/10/27 v2.43 Cross-referencing by name of section

(/usr/local/texlive/2013/texmf-dist/tex/generic/oberdiek/gettitlestring.sty
Package: gettitlestring 2010/12/03 v1.4 Cleanup title references (HO)
)
\c@section@level=\count322
)
Redoing nameref's sectioning
Redoing nameref's label
LaTeX Info: Redefining \nameref on input line 13.
LaTeX Info: Redefining \ref on input line 13.
LaTeX Info: Redefining \pageref on input line 13.
LaTeX Info: Redefining \nameref on input line 13.
(./print.out) (./print.out)
\@outlinefile=\write5
\openout5 = `print.out'.

LaTeX Font Info:    Try loading font information for T1+phv on input line 16.

(/usr/local/texlive/2013/texmf-dist/tex/latex/psnfss/t1phv.fd
File: t1phv.fd 2001/06/04 scalable font definitions for T1/phv.
)
LaTeX Font Info:    Font shape `T1/phv/m/n' will be
(Font)              scaled to size 9.49997pt on input line 16.
Package microtype Info: Loading generic settings for font family
(microtype)             `phv' (encoding: T1).
(microtype)             For optimal results, create family-specific settings.
(microtype)             See the microtype manual for details.
LaTeX Font Info:    Font shape `T1/phv/m/n' will be
(Font)              scaled to size 11.39996pt on input line 16.
LaTeX Font Info:    Font shape `T1/phv/m/n' will be
(Font)              scaled to size 10.40245pt on input line 16.
LaTeX Font Info:    Font shape `T1/phv/m/n' will be
(Font)              scaled to size 8.54997pt on input line 16.
 [1{/usr/local/texlive/2013/texmf-var/fonts/map/pdftex/updmap/pdftex.map}


]
LaTeX Font Info:    Font shape `T1/ppl/bx/n' in size <10> not available
(Font)              Font shape `T1/ppl/b/n' tried instead on input line 21.
LaTeX Font Info:    Font shape `T1/phv/bx/n' in size <10> not available
(Font)              Font shape `T1/phv/b/n' tried instead on input line 21.
LaTeX Font Info:    Font shape `T1/phv/b/n' will be
(Font)              scaled to size 9.49997pt on input line 21.
 (./print.toc
LaTeX Font Info:    Try loading font information for OT1+ppl on input line 1.

(/usr/local/texlive/2013/texmf-dist/tex/latex/psnfss/ot1ppl.fd
File: ot1ppl.fd 2001/06/04 font definitions for OT1/ppl.
)
LaTeX Font Info:    Try loading font information for U+eur on input line 1.

(/usr/local/texlive/2013/texmf-dist/tex/latex/amsfonts/ueur.fd
File: ueur.fd 2013/01/14 v3.01 Euler Roman
)
(/usr/local/texlive/2013/texmf-dist/tex/latex/microtype/mt-eur.cfg
File: mt-eur.cfg 2006/07/31 v1.1 microtype config. file: AMS Euler Roman (RS)
)
LaTeX Font Info:    Try loading font information for U+euf on input line 1.

(/usr/local/texlive/2013/texmf-dist/tex/latex/amsfonts/ueuf.fd
File: ueuf.fd 2013/01/14 v3.01 Euler Fraktur
)
(/usr/local/texlive/2013/texmf-dist/tex/latex/microtype/mt-euf.cfg
File: mt-euf.cfg 2006/07/03 v1.1 microtype config. file: AMS Euler Fraktur (RS)

)
LaTeX Font Info:    Try loading font information for U+eus on input line 1.

(/usr/local/texlive/2013/texmf-dist/tex/latex/amsfonts/ueus.fd
File: ueus.fd 2013/01/14 v3.01 Euler Script
)
(/usr/local/texlive/2013/texmf-dist/tex/latex/microtype/mt-eus.cfg
File: mt-eus.cfg 2006/07/28 v1.2 microtype config. file: AMS Euler Script (RS)
)
LaTeX Font Info:    Try loading font information for U+euex on input line 1.

(/usr/local/texlive/2013/texmf-dist/tex/latex/amsfonts/ueuex.fd
File: ueuex.fd 2013/01/14 v3.01 Euler extra symbols
)
LaTeX Font Info:    Try loading font information for U+msa on input line 1.

(/usr/local/texlive/2013/texmf-dist/tex/latex/amsfonts/umsa.fd
File: umsa.fd 2013/01/14 v3.01 AMS symbols A
)
(/usr/local/texlive/2013/texmf-dist/tex/latex/microtype/mt-msa.cfg
File: mt-msa.cfg 2006/02/04 v1.1 microtype config. file: AMS symbols (a) (RS)
)
LaTeX Font Info:    Try loading font information for U+msb on input line 1.

(/usr/local/texlive/2013/texmf-dist/tex/latex/amsfonts/umsb.fd
File: umsb.fd 2013/01/14 v3.01 AMS symbols B
)
(/usr/local/texlive/2013/texmf-dist/tex/latex/microtype/mt-msb.cfg
File: mt-msb.cfg 2005/06/01 v1.0 microtype config. file: AMS symbols (b) (RS)
)
LaTeX Font Info:    Try loading font information for U+stmry on input line 1.

(/usr/local/texlive/2013/texmf-dist/tex/latex/stmaryrd/Ustmry.fd)) [2

]
(./content/NaturalNumbers.tex
LaTeX Font Info:    Font shape `T1/ppl/bx/sc' in size <10> not available
(Font)              Font shape `T1/ppl/b/sc' tried instead on input line 1.
LaTeX Font Info:    Font shape `T1/phv/bx/sc' in size <10> not available
(Font)              Font shape `T1/phv/b/sc' tried instead on input line 1.
LaTeX Font Info:    Font shape `T1/phv/b/sc' will be
(Font)              scaled to size 9.49997pt on input line 1.
Package mdframed Info: mdframed works in twoside mode on input line 4.
LaTeX Font Info:    Try loading font information for OMS+ppl on input line 5.

(/usr/local/texlive/2013/texmf-dist/tex/latex/psnfss/omsppl.fd
File: omsppl.fd 
)
LaTeX Font Info:    Font shape `OMS/ppl/m/n' in size <10> not available
(Font)              Font shape `OMS/cmsy/m/n' tried instead on input line 5.
LaTeX Font Info:    Font shape `T1/ppl/bx/n' in size <12> not available
(Font)              Font shape `T1/ppl/b/n' tried instead on input line 24.
 [1


]
Package mdframed Info: mdframed works in twoside mode on input line 104.
 [2]
Package mdframed Info: mdframed works in twoside mode on input line 121.

[3] [4]
Package mdframed Info: mdframed works in twoside mode on input line 178.
Package mdframed Info: mdframed works in twoside mode on input line 192.
Package mdframed Info: mdframed works in twoside mode on input line 197.
 [5

]
Package mdframed Info: mdframed works in twoside mode on input line 241.
Package mdframed Info: mdframed works in twoside mode on input line 251.
 [6]
Package mdframed Info: mdframed works in twoside mode on input line 311.
Package mdframed Info: mdframed works in twoside mode on input line 335.
Package mdframed Info: Box was splittet wrong
 starting loop to iterate the splitting point
(mdframed)              on input line 349.
 [7

]
Package mdframed Info: mdframed works in twoside mode on input line 361.
Package mdframed Info: mdframed works in twoside mode on input line 377.

Overfull \vbox (119.45572pt too high) detected at line 392
 []

Package mdframed Info: Box was splittet wrong
 starting loop to iterate the splitting point
(mdframed)              on input line 392.

Overfull \vbox (120.45572pt too high) detected at line 392
 []


Overfull \vbox (121.45572pt too high) detected at line 392
 []


Overfull \vbox (122.45572pt too high) detected at line 392
 []


Overfull \vbox (123.45572pt too high) detected at line 392
 []


Overfull \vbox (124.45572pt too high) detected at line 392
 []


Overfull \vbox (125.45572pt too high) detected at line 392
 []


Overfull \vbox (126.45572pt too high) detected at line 392
 []


Overfull \vbox (127.45572pt too high) detected at line 392
 []


Overfull \vbox (128.45572pt too high) detected at line 392
 []


Overfull \vbox (129.45572pt too high) detected at line 392
 []


Overfull \vbox (130.45572pt too high) detected at line 392
 []


Overfull \vbox (131.45572pt too high) detected at line 392
 []


Overfull \vbox (132.45572pt too high) detected at line 392
 []


Overfull \vbox (133.45572pt too high) detected at line 392
 []


Overfull \vbox (134.45572pt too high) detected at line 392
 []


Overfull \vbox (135.45572pt too high) detected at line 392
 []


Overfull \vbox (136.45572pt too high) detected at line 392
 []


Overfull \vbox (137.45572pt too high) detected at line 392
 []


Overfull \vbox (138.45572pt too high) detected at line 392
 []


Overfull \vbox (139.45572pt too high) detected at line 392
 []


Overfull \vbox (140.45572pt too high) detected at line 392
 []


Overfull \vbox (141.45572pt too high) detected at line 392
 []


Overfull \vbox (142.45572pt too high) detected at line 392
 []


Overfull \vbox (143.45572pt too high) detected at line 392
 []


Overfull \vbox (144.45572pt too high) detected at line 392
 []


Overfull \vbox (145.45572pt too high) detected at line 392
 []


Overfull \vbox (146.45572pt too high) detected at line 392
 []


Overfull \vbox (147.45572pt too high) detected at line 392
 []


Overfull \vbox (148.45572pt too high) detected at line 392
 []


Overfull \vbox (149.45572pt too high) detected at line 392
 []


Overfull \vbox (150.45572pt too high) detected at line 392
 []


Overfull \vbox (151.45572pt too high) detected at line 392
 []


Overfull \vbox (152.45572pt too high) detected at line 392
 []


Overfull \vbox (153.45572pt too high) detected at line 392
 []


Overfull \vbox (154.45572pt too high) detected at line 392
 []


Overfull \vbox (155.45572pt too high) detected at line 392
 []


Overfull \vbox (156.45572pt too high) detected at line 392
 []


Overfull \vbox (157.45572pt too high) detected at line 392
 []


Overfull \vbox (158.45572pt too high) detected at line 392
 []


Overfull \vbox (159.45572pt too high) detected at line 392
 []


Overfull \vbox (160.45572pt too high) detected at line 392
 []


Overfull \vbox (161.45572pt too high) detected at line 392
 []


Overfull \vbox (162.45572pt too high) detected at line 392
 []


Overfull \vbox (163.45572pt too high) detected at line 392
 []


Overfull \vbox (164.45572pt too high) detected at line 392
 []


Overfull \vbox (165.45572pt too high) detected at line 392
 []


Overfull \vbox (166.45572pt too high) detected at line 392
 []


Overfull \vbox (167.45572pt too high) detected at line 392
 []


Overfull \vbox (168.45572pt too high) detected at line 392
 []


Overfull \vbox (169.45572pt too high) detected at line 392
 []


Overfull \vbox (170.45572pt too high) detected at line 392
 []


Overfull \vbox (171.45572pt too high) detected at line 392
 []


Overfull \vbox (172.45572pt too high) detected at line 392
 []


Overfull \vbox (173.45572pt too high) detected at line 392
 []


Overfull \vbox (174.45572pt too high) detected at line 392
 []


Overfull \vbox (175.45572pt too high) detected at line 392
 []


Overfull \vbox (176.45572pt too high) detected at line 392
 []


Overfull \vbox (177.45572pt too high) detected at line 392
 []


Overfull \vbox (178.45572pt too high) detected at line 392
 []


Overfull \vbox (179.45572pt too high) detected at line 392
 []


Overfull \vbox (180.45572pt too high) detected at line 392
 []


Overfull \vbox (181.45572pt too high) detected at line 392
 []


Overfull \vbox (182.45572pt too high) detected at line 392
 []


Overfull \vbox (183.45572pt too high) detected at line 392
 []


Overfull \vbox (184.45572pt too high) detected at line 392
 []


Overfull \vbox (185.45572pt too high) detected at line 392
 []


Overfull \vbox (186.45572pt too high) detected at line 392
 []


Overfull \vbox (187.45572pt too high) detected at line 392
 []


Overfull \vbox (188.45572pt too high) detected at line 392
 []


Overfull \vbox (189.45572pt too high) detected at line 392
 []


Overfull \vbox (190.45572pt too high) detected at line 392
 []


Overfull \vbox (191.45572pt too high) detected at line 392
 []


Overfull \vbox (192.45572pt too high) detected at line 392
 []


Overfull \vbox (193.45572pt too high) detected at line 392
 []


Overfull \vbox (194.45572pt too high) detected at line 392
 []


Overfull \vbox (195.45572pt too high) detected at line 392
 []


Overfull \vbox (196.45572pt too high) detected at line 392
 []


Overfull \vbox (197.45572pt too high) detected at line 392
 []


Overfull \vbox (198.45572pt too high) detected at line 392
 []


Overfull \vbox (199.45572pt too high) detected at line 392
 []


Overfull \vbox (200.45572pt too high) detected at line 392
 []


Overfull \vbox (201.45572pt too high) detected at line 392
 []


Overfull \vbox (202.45572pt too high) detected at line 392
 []


Overfull \vbox (203.45572pt too high) detected at line 392
 []


Overfull \vbox (204.45572pt too high) detected at line 392
 []


Overfull \vbox (205.45572pt too high) detected at line 392
 []


Overfull \vbox (206.45572pt too high) detected at line 392
 []


Overfull \vbox (207.45572pt too high) detected at line 392
 []


Overfull \vbox (208.45572pt too high) detected at line 392
 []


Overfull \vbox (209.45572pt too high) detected at line 392
 []


Overfull \vbox (210.45572pt too high) detected at line 392
 []


Overfull \vbox (211.45572pt too high) detected at line 392
 []


Overfull \vbox (212.45572pt too high) detected at line 392
 []


Overfull \vbox (213.45572pt too high) detected at line 392
 []


Overfull \vbox (214.45572pt too high) detected at line 392
 []


Overfull \vbox (215.45572pt too high) detected at line 392
 []


Overfull \vbox (216.45572pt too high) detected at line 392
 []


Overfull \vbox (217.45572pt too high) detected at line 392
 []


Overfull \vbox (218.45572pt too high) detected at line 392
 []


Overfull \vbox (219.45572pt too high) detected at line 392
 []


Overfull \vbox (220.45572pt too high) detected at line 392
 []


Package mdframed Warning: correct box splittet fails
 It seems you are using a non splittable contents
(mdframed)                 on input line 392.

Package mdframed Info: You first box width is to small
 mdframed fixed it
(mdframed)              on input line 392.
[8]
Package mdframed Info: mdframed works in twoside mode on input line 402.
Package mdframed Info: Box was splittet wrong
 starting loop to iterate the splitting point
(mdframed)              on input line 428.
 [9] [10]
Package mdframed Info: mdframed works in twoside mode on input line 433.
Package mdframed Info: mdframed works in twoside mode on input line 462.

Overfull \hbox (57.20425pt too wide) in paragraph at lines 464--478
[][] 
 []

[11

] [12]

LaTeX Warning: Reference `lec:NatNumbers' on page 13 undefined on input line 48
2.

[13]
Package mdframed Info: mdframed works in twoside mode on input line 538.
 [14]
Package mdframed Info: mdframed works in twoside mode on input line 571.
 [15]
Package mdframed Info: mdframed works in twoside mode on input line 598.
 [16]
Package mdframed Info: mdframed works in twoside mode on input line 629.
 [17]
Package mdframed Info: mdframed works in twoside mode on input line 657.
Package mdframed Info: mdframed works in twoside mode on input line 687.
Package mdframed Info: Box was splittet wrong
 starting loop to iterate the splitting point
(mdframed)              on input line 704.
 [18]
Package mdframed Info: mdframed works in twoside mode on input line 708.
 [19]
Package mdframed Info: mdframed works in twoside mode on input line 737.
) (./content/Lists.tex [20]
Package mdframed Info: mdframed works in twoside mode on input line 12.
 [21

]
Package mdframed Info: mdframed works in twoside mode on input line 60.
Package mdframed Info: mdframed works in twoside mode on input line 75.
Package mdframed Info: mdframed works in twoside mode on input line 88.
 [22]
Package mdframed Info: mdframed works in twoside mode on input line 94.
Package mdframed Info: mdframed works in twoside mode on input line 102.


LaTeX Warning: Reference `sig:list' on page 23 undefined on input line 103.

Package mdframed Info: mdframed works in twoside mode on input line 121.
[23]
Package mdframed Info: mdframed works in twoside mode on input line 130.
Package mdframed Info: mdframed works in twoside mode on input line 149.
Package mdframed Info: mdframed works in twoside mode on input line 158.
 [24]
Package mdframed Info: mdframed works in twoside mode on input line 174.


LaTeX Warning: Reference `lem:AddZero' on page 25 undefined on input line 182.

Package mdframed Info: mdframed works in twoside mode on input line 203.

Package mdframed Warning: You got a bad break
(mdframed)                because the last box will be empty
(mdframed)                you have to change it manually
(mdframed)                by changing the text, the space
(mdframed)                or something else on input line 228.

[25]
Package mdframed Info: mdframed works in twoside mode on input line 236.
Package mdframed Info: mdframed works in twoside mode on input line 267.
 [26]
Package mdframed Info: mdframed works in twoside mode on input line 292.
Package mdframed Info: mdframed works in twoside mode on input line 309.

Overfull \vbox (7.25606pt too high) detected at line 325
 []

Package mdframed Info: Box was splittet wrong
 starting loop to iterate the splitting point
(mdframed)              on input line 325.

Overfull \vbox (8.25606pt too high) detected at line 325
 []


Overfull \vbox (9.25606pt too high) detected at line 325
 []


Overfull \vbox (10.25606pt too high) detected at line 325
 []


Overfull \vbox (11.25606pt too high) detected at line 325
 []


Overfull \vbox (12.25606pt too high) detected at line 325
 []


Overfull \vbox (13.25606pt too high) detected at line 325
 []


Overfull \vbox (14.25606pt too high) detected at line 325
 []


Overfull \vbox (15.25606pt too high) detected at line 325
 []


Overfull \vbox (16.25606pt too high) detected at line 325
 []


Overfull \vbox (17.25606pt too high) detected at line 325
 []


Overfull \vbox (18.25606pt too high) detected at line 325
 []


Overfull \vbox (19.25606pt too high) detected at line 325
 []


Overfull \vbox (20.25606pt too high) detected at line 325
 []


Overfull \vbox (21.25606pt too high) detected at line 325
 []


Overfull \vbox (22.25606pt too high) detected at line 325
 []


Overfull \vbox (23.25606pt too high) detected at line 325
 []


Overfull \vbox (24.25606pt too high) detected at line 325
 []


Overfull \vbox (25.25606pt too high) detected at line 325
 []


Overfull \vbox (26.25606pt too high) detected at line 325
 []


Overfull \vbox (27.25606pt too high) detected at line 325
 []


Overfull \vbox (28.25606pt too high) detected at line 325
 []


Overfull \vbox (29.25606pt too high) detected at line 325
 []


Overfull \vbox (30.25606pt too high) detected at line 325
 []


Overfull \vbox (31.25606pt too high) detected at line 325
 []


Overfull \vbox (32.25606pt too high) detected at line 325
 []


Overfull \vbox (33.25606pt too high) detected at line 325
 []


Overfull \vbox (34.25606pt too high) detected at line 325
 []


Overfull \vbox (35.25606pt too high) detected at line 325
 []


Overfull \vbox (36.25606pt too high) detected at line 325
 []


Overfull \vbox (37.25606pt too high) detected at line 325
 []


Overfull \vbox (38.25606pt too high) detected at line 325
 []


Overfull \vbox (39.25606pt too high) detected at line 325
 []


Overfull \vbox (40.25606pt too high) detected at line 325
 []


Overfull \vbox (41.25606pt too high) detected at line 325
 []


Overfull \vbox (42.25606pt too high) detected at line 325
 []


Overfull \vbox (43.25606pt too high) detected at line 325
 []


Overfull \vbox (44.25606pt too high) detected at line 325
 []


Overfull \vbox (45.25606pt too high) detected at line 325
 []


Overfull \vbox (46.25606pt too high) detected at line 325
 []


Overfull \vbox (47.25606pt too high) detected at line 325
 []


Overfull \vbox (48.25606pt too high) detected at line 325
 []


Overfull \vbox (49.25606pt too high) detected at line 325
 []


Overfull \vbox (50.25606pt too high) detected at line 325
 []


Overfull \vbox (51.25606pt too high) detected at line 325
 []


Overfull \vbox (52.25606pt too high) detected at line 325
 []


Overfull \vbox (53.25606pt too high) detected at line 325
 []


Overfull \vbox (54.25606pt too high) detected at line 325
 []


Overfull \vbox (55.25606pt too high) detected at line 325
 []


Overfull \vbox (56.25606pt too high) detected at line 325
 []


Overfull \vbox (57.25606pt too high) detected at line 325
 []


Overfull \vbox (58.25606pt too high) detected at line 325
 []


Overfull \vbox (59.25606pt too high) detected at line 325
 []


Overfull \vbox (60.25606pt too high) detected at line 325
 []


Overfull \vbox (61.25606pt too high) detected at line 325
 []


Overfull \vbox (62.25606pt too high) detected at line 325
 []


Overfull \vbox (63.25606pt too high) detected at line 325
 []


Overfull \vbox (64.25606pt too high) detected at line 325
 []


Overfull \vbox (65.25606pt too high) detected at line 325
 []


Overfull \vbox (66.25606pt too high) detected at line 325
 []


Overfull \vbox (67.25606pt too high) detected at line 325
 []


Overfull \vbox (68.25606pt too high) detected at line 325
 []


Overfull \vbox (69.25606pt too high) detected at line 325
 []


Overfull \vbox (70.25606pt too high) detected at line 325
 []


Overfull \vbox (71.25606pt too high) detected at line 325
 []


Overfull \vbox (72.25606pt too high) detected at line 325
 []


Overfull \vbox (73.25606pt too high) detected at line 325
 []


Overfull \vbox (74.25606pt too high) detected at line 325
 []


Overfull \vbox (75.25606pt too high) detected at line 325
 []


Overfull \vbox (76.25606pt too high) detected at line 325
 []


Overfull \vbox (77.25606pt too high) detected at line 325
 []


Overfull \vbox (78.25606pt too high) detected at line 325
 []


Overfull \vbox (79.25606pt too high) detected at line 325
 []


Overfull \vbox (80.25606pt too high) detected at line 325
 []


Overfull \vbox (81.25606pt too high) detected at line 325
 []


Overfull \vbox (82.25606pt too high) detected at line 325
 []


Overfull \vbox (83.25606pt too high) detected at line 325
 []


Overfull \vbox (84.25606pt too high) detected at line 325
 []


Overfull \vbox (85.25606pt too high) detected at line 325
 []


Overfull \vbox (86.25606pt too high) detected at line 325
 []


Overfull \vbox (87.25606pt too high) detected at line 325
 []


Overfull \vbox (88.25606pt too high) detected at line 325
 []


Overfull \vbox (89.25606pt too high) detected at line 325
 []


Overfull \vbox (90.25606pt too high) detected at line 325
 []


Overfull \vbox (91.25606pt too high) detected at line 325
 []


Overfull \vbox (92.25606pt too high) detected at line 325
 []


Overfull \vbox (93.25606pt too high) detected at line 325
 []


Overfull \vbox (94.25606pt too high) detected at line 325
 []


Overfull \vbox (95.25606pt too high) detected at line 325
 []


Overfull \vbox (96.25606pt too high) detected at line 325
 []


Overfull \vbox (97.25606pt too high) detected at line 325
 []


Overfull \vbox (98.25606pt too high) detected at line 325
 []


Overfull \vbox (99.25606pt too high) detected at line 325
 []


Overfull \vbox (100.25606pt too high) detected at line 325
 []


Overfull \vbox (101.25606pt too high) detected at line 325
 []


Overfull \vbox (102.25606pt too high) detected at line 325
 []


Overfull \vbox (103.25606pt too high) detected at line 325
 []


Overfull \vbox (104.25606pt too high) detected at line 325
 []


Overfull \vbox (105.25606pt too high) detected at line 325
 []


Overfull \vbox (106.25606pt too high) detected at line 325
 []


Overfull \vbox (107.25606pt too high) detected at line 325
 []


Overfull \vbox (108.25606pt too high) detected at line 325
 []


Package mdframed Warning: correct box splittet fails
 It seems you are using a non splittable contents
(mdframed)                 on input line 325.

Package mdframed Info: You first box width is to small
 mdframed fixed it
(mdframed)              on input line 325.
[27]
Package mdframed Info: mdframed works in twoside mode on input line 330.
Package mdframed Info: mdframed works in twoside mode on input line 367.

Overfull \vbox (35.9475pt too high) detected at line 372
 []

Package mdframed Info: Box was splittet wrong
 starting loop to iterate the splitting point
(mdframed)              on input line 372.

Overfull \vbox (36.9475pt too high) detected at line 372
 []


Overfull \vbox (37.9475pt too high) detected at line 372
 []


Overfull \vbox (38.9475pt too high) detected at line 372
 []


Overfull \vbox (39.9475pt too high) detected at line 372
 []


Overfull \vbox (40.9475pt too high) detected at line 372
 []


Overfull \vbox (41.9475pt too high) detected at line 372
 []


Overfull \vbox (42.9475pt too high) detected at line 372
 []


Overfull \vbox (43.9475pt too high) detected at line 372
 []


Overfull \vbox (44.9475pt too high) detected at line 372
 []


Overfull \vbox (45.9475pt too high) detected at line 372
 []


Overfull \vbox (46.9475pt too high) detected at line 372
 []


Overfull \vbox (47.9475pt too high) detected at line 372
 []


Overfull \vbox (48.9475pt too high) detected at line 372
 []


Overfull \vbox (49.9475pt too high) detected at line 372
 []


Overfull \vbox (50.9475pt too high) detected at line 372
 []


Overfull \vbox (51.9475pt too high) detected at line 372
 []


Overfull \vbox (52.9475pt too high) detected at line 372
 []


Overfull \vbox (53.9475pt too high) detected at line 372
 []


Overfull \vbox (54.9475pt too high) detected at line 372
 []


Overfull \vbox (55.9475pt too high) detected at line 372
 []


Overfull \vbox (56.9475pt too high) detected at line 372
 []


Overfull \vbox (57.9475pt too high) detected at line 372
 []


Overfull \vbox (58.9475pt too high) detected at line 372
 []


Overfull \vbox (59.9475pt too high) detected at line 372
 []


Overfull \vbox (60.9475pt too high) detected at line 372
 []


Overfull \vbox (61.9475pt too high) detected at line 372
 []


Overfull \vbox (62.9475pt too high) detected at line 372
 []


Overfull \vbox (63.9475pt too high) detected at line 372
 []


Overfull \vbox (64.9475pt too high) detected at line 372
 []


Overfull \vbox (65.9475pt too high) detected at line 372
 []


Overfull \vbox (66.9475pt too high) detected at line 372
 []


Overfull \vbox (67.9475pt too high) detected at line 372
 []


Overfull \vbox (68.9475pt too high) detected at line 372
 []


Overfull \vbox (69.9475pt too high) detected at line 372
 []


Overfull \vbox (70.9475pt too high) detected at line 372
 []


Overfull \vbox (71.9475pt too high) detected at line 372
 []


Overfull \vbox (72.9475pt too high) detected at line 372
 []


Overfull \vbox (73.9475pt too high) detected at line 372
 []


Overfull \vbox (74.9475pt too high) detected at line 372
 []


Overfull \vbox (75.9475pt too high) detected at line 372
 []


Overfull \vbox (76.9475pt too high) detected at line 372
 []


Overfull \vbox (77.9475pt too high) detected at line 372
 []


Overfull \vbox (78.9475pt too high) detected at line 372
 []


Overfull \vbox (79.9475pt too high) detected at line 372
 []


Overfull \vbox (80.9475pt too high) detected at line 372
 []


Overfull \vbox (81.9475pt too high) detected at line 372
 []


Overfull \vbox (82.9475pt too high) detected at line 372
 []


Overfull \vbox (83.9475pt too high) detected at line 372
 []


Overfull \vbox (84.9475pt too high) detected at line 372
 []


Overfull \vbox (85.9475pt too high) detected at line 372
 []


Overfull \vbox (86.9475pt too high) detected at line 372
 []


Overfull \vbox (87.9475pt too high) detected at line 372
 []


Overfull \vbox (88.9475pt too high) detected at line 372
 []


Overfull \vbox (89.9475pt too high) detected at line 372
 []


Overfull \vbox (90.9475pt too high) detected at line 372
 []


Overfull \vbox (91.9475pt too high) detected at line 372
 []


Overfull \vbox (92.9475pt too high) detected at line 372
 []


Overfull \vbox (93.9475pt too high) detected at line 372
 []


Overfull \vbox (94.9475pt too high) detected at line 372
 []


Overfull \vbox (95.9475pt too high) detected at line 372
 []


Overfull \vbox (96.9475pt too high) detected at line 372
 []


Overfull \vbox (97.9475pt too high) detected at line 372
 []


Overfull \vbox (98.9475pt too high) detected at line 372
 []


Overfull \vbox (99.9475pt too high) detected at line 372
 []


Overfull \vbox (100.9475pt too high) detected at line 372
 []


Overfull \vbox (101.9475pt too high) detected at line 372
 []


Overfull \vbox (102.9475pt too high) detected at line 372
 []


Overfull \vbox (103.9475pt too high) detected at line 372
 []


Overfull \vbox (104.9475pt too high) detected at line 372
 []


Overfull \vbox (105.9475pt too high) detected at line 372
 []


Overfull \vbox (106.9475pt too high) detected at line 372
 []


Overfull \vbox (107.9475pt too high) detected at line 372
 []


Overfull \vbox (108.9475pt too high) detected at line 372
 []


Overfull \vbox (109.9475pt too high) detected at line 372
 []


Overfull \vbox (110.9475pt too high) detected at line 372
 []


Overfull \vbox (111.9475pt too high) detected at line 372
 []


Overfull \vbox (112.9475pt too high) detected at line 372
 []


Overfull \vbox (113.9475pt too high) detected at line 372
 []


Overfull \vbox (114.9475pt too high) detected at line 372
 []


Overfull \vbox (115.9475pt too high) detected at line 372
 []


Overfull \vbox (116.9475pt too high) detected at line 372
 []


Overfull \vbox (117.9475pt too high) detected at line 372
 []


Overfull \vbox (118.9475pt too high) detected at line 372
 []


Overfull \vbox (119.9475pt too high) detected at line 372
 []


Overfull \vbox (120.9475pt too high) detected at line 372
 []


Overfull \vbox (121.9475pt too high) detected at line 372
 []


Overfull \vbox (122.9475pt too high) detected at line 372
 []


Overfull \vbox (123.9475pt too high) detected at line 372
 []


Overfull \vbox (124.9475pt too high) detected at line 372
 []


Overfull \vbox (125.9475pt too high) detected at line 372
 []


Overfull \vbox (126.9475pt too high) detected at line 372
 []


Overfull \vbox (127.9475pt too high) detected at line 372
 []


Overfull \vbox (128.9475pt too high) detected at line 372
 []


Overfull \vbox (129.9475pt too high) detected at line 372
 []


Overfull \vbox (130.9475pt too high) detected at line 372
 []


Overfull \vbox (131.9475pt too high) detected at line 372
 []


Overfull \vbox (132.9475pt too high) detected at line 372
 []


Overfull \vbox (133.9475pt too high) detected at line 372
 []


Overfull \vbox (134.9475pt too high) detected at line 372
 []


Overfull \vbox (135.9475pt too high) detected at line 372
 []


Overfull \vbox (136.9475pt too high) detected at line 372
 []


Package mdframed Warning: correct box splittet fails
 It seems you are using a non splittable contents
(mdframed)                 on input line 372.

Package mdframed Info: You first box width is to small
 mdframed fixed it
(mdframed)              on input line 372.
[28]
Package mdframed Info: mdframed works in twoside mode on input line 377.
Package mdframed Info: mdframed works in twoside mode on input line 394.
 [29]
Package mdframed Info: mdframed works in twoside mode on input line 409.

Overfull \hbox (45.69698pt too wide) in paragraph at lines 415--415
[] 
 []

Package mdframed Info: mdframed works in twoside mode on input line 419.
[30]
Package mdframed Info: mdframed works in twoside mode on input line 456.
Package mdframed Info: mdframed works in twoside mode on input line 479.


LaTeX Warning: `h' float specifier changed to `ht'.

[31]
(/usr/local/texlive/2013/texmf-dist/tex/generic/pgf/frontendlayer/tikz/librarie
s/tikzlibraryshapes.geometric.code.tex
File: tikzlibraryshapes.geometric.code.tex 2008/01/09 v2.10 (rcs-revision 1.1)

(/usr/local/texlive/2013/texmf-dist/tex/generic/pgf/libraries/shapes/pgflibrary
shapes.geometric.code.tex
File: pgflibraryshapes.geometric.code.tex 2008/06/26 v2.10 (rcs-revision 1.1)
))
Package mdframed Info: mdframed works in twoside mode on input line 547.
 [32]
Package mdframed Info: mdframed works in twoside mode on input line 568.
 [33]
Package mdframed Info: mdframed works in twoside mode on input line 602.
) (./content/OrderAndDivisibility.tex
[34]
Package mdframed Info: mdframed works in twoside mode on input line 10.
Package mdframed Info: mdframed works in twoside mode on input line 30.
 [35

] [36]
Package mdframed Info: mdframed works in twoside mode on input line 43.
Package mdframed Info: mdframed works in twoside mode on input line 63.
 [37]
Package mdframed Info: mdframed works in twoside mode on input line 94.
Package mdframed Info: mdframed works in twoside mode on input line 117.

Underfull \vbox (badness 1616) has occurred while \output is active []

 [38]
[39]
Package mdframed Info: mdframed works in twoside mode on input line 167.
Package mdframed Info: Not enough space on this page on input line 189.
 [40]
Package mdframed Info: Not enough space on this page on input line 189.
Package mdframed Info: mdframed works in twoside mode on input line 193.

Underfull \vbox (badness 10000) has occurred while \output is active []

 [41]
Package mdframed Info: mdframed works in twoside mode on input line 211.
Package mdframed Info: mdframed works in twoside mode on input line 231.
Package mdframed Info: Not enough space on this page on input line 242.

[42]
Package mdframed Info: Not enough space on this page on input line 242.
Package mdframed Info: mdframed works in twoside mode on input line 263.

Overfull \hbox (38.36226pt too wide) in paragraph at lines 288--288
[] 
 []

Package mdframed Info: You first box width is to small
 mdframed fixed it
(mdframed)              on input line 294.
[43]
Package mdframed Info: mdframed works in twoside mode on input line 299.
LaTeX Font Info:    Try loading font information for U+bbold on input line 299.

 (/usr/local/texlive/2013/texmf-dist/tex/latex/bbold/Ubbold.fd)
Package mdframed Info: mdframed works in twoside mode on input line 311.
 [44]
[45] [46]
Package mdframed Info: mdframed works in twoside mode on input line 327.
Package mdframed Info: mdframed works in twoside mode on input line 342.

Underfull \vbox (badness 1297) has occurred while \output is active []

 [47

]
(/usr/local/texlive/2013/texmf-dist/tex/generic/pgf/frontendlayer/tikz/librarie
s/tikzlibrary3d.code.tex
File: tikzlibrary3d.code.tex 2008/01/09 v2.10 (rcs-revision 1.1)
)
! Dimension too large.
<recently read> \pgfmath@x 
                           
l.421 }
       
I can't work with sizes bigger than about 19 feet.
Continue and I'll use the largest value I can.


LaTeX Warning: `h' float specifier changed to `ht'.

Package mdframed Info: mdframed works in twoside mode on input line 438.
Package mdframed Info: mdframed works in twoside mode on input line 456.

Underfull \vbox (badness 1354) has occurred while \output is active []

 [48]
[49]
Package mdframed Info: mdframed works in twoside mode on input line 486.
 [50]
Package mdframed Info: mdframed works in twoside mode on input line 516.
Package mdframed Info: mdframed works in twoside mode on input line 528.

Underfull \vbox (badness 1845) has occurred while \output is active []

 [51]
[52] [53]
Package mdframed Info: mdframed works in twoside mode on input line 548.
Package mdframed Info: mdframed works in twoside mode on input line 572.
 [54

]
Package mdframed Info: mdframed works in twoside mode on input line 586.
Package mdframed Info: mdframed works in twoside mode on input line 625.
 [55]
Package mdframed Info: mdframed works in twoside mode on input line 657.
 [56]
Package mdframed Info: mdframed works in twoside mode on input line 677.
Package mdframed Info: mdframed works in twoside mode on input line 694.
Package mdframed Info: mdframed works in twoside mode on input line 704.
 [57]
Package mdframed Info: mdframed works in twoside mode on input line 737.
Package mdframed Info: mdframed works in twoside mode on input line 759.
 [58]
Package mdframed Info: mdframed works in twoside mode on input line 772.

Underfull \vbox (badness 10000) has occurred while \output is active []

 [59]
Package mdframed Info: mdframed works in twoside mode on input line 812.
LaTeX Font Info:    Try loading font information for T1+pcr on input line 817.

(/usr/local/texlive/2013/texmf-dist/tex/latex/psnfss/t1pcr.fd
File: t1pcr.fd 2001/06/04 font definitions for T1/pcr.
)
Package microtype Info: Loading generic settings for font family
(microtype)             `pcr' (encoding: T1).
(microtype)             For optimal results, create family-specific settings.
(microtype)             See the microtype manual for details.
Package mdframed Info: mdframed works in twoside mode on input line 829.
Package mdframed Info: mdframed works in twoside mode on input line 839.

Overfull \hbox (12.12201pt too wide) in paragraph at lines 844--845
[]\T1/ppl/m/n/10 (-20) So we must show that some least com-mon mul-ti-ple ex-is
ts and sat-is-fies $[]\U/euf/m/n/10 (\U/eur/m/n/10 m; n\U/euf/m/n/10 ) [](\U/eu
r/m/n/10 m; n\U/euf/m/n/10 ) =
 []


Underfull \vbox (badness 1024) has occurred while \output is active []

 [60]
[61]) [62]
\tf@toc=\write6
\openout6 = `print.toc'.

Package atveryend Info: Empty hook `BeforeClearDocument' on input line 31.
Package atveryend Info: Empty hook `AfterLastShipout' on input line 31.
 (./print.aux)
Package atveryend Info: Executing hook `AtVeryEndDocument' on input line 31.
Package atveryend Info: Executing hook `AtEndAfterFileList' on input line 31.
Package rerunfilecheck Info: File `print.out' has not changed.
(rerunfilecheck)             Checksum: 0B83273F18C9C225CD6F65179636AF01;1438.


LaTeX Warning: There were undefined references.


LaTeX Warning: Label(s) may have changed. Rerun to get cross-references right.

 ) 
Here is how much of TeX's memory you used:
 31097 strings out of 493315
 540886 string characters out of 6137904
 766658 words of memory out of 5000000
 33438 multiletter control sequences out of 15000+600000
 67947 words of font info for 249 fonts, out of 8000000 for 9000
 957 hyphenation exceptions out of 8191
 68i,16n,78p,797b,1585s stack positions out of 5000i,500n,10000p,200000b,80000s
{/usr/local/texlive/2013/texmf-dist/fonts/enc/dvips/base/8r.enc}</usr/local/t
exlive/2013/texmf-dist/fonts/type1/public/bbold-type1/bbold10.pfb></usr/local/t
exlive/2013/texmf-dist/fonts/type1/public/amsfonts/cm/cmex10.pfb></usr/local/te
xlive/2013/texmf-dist/fonts/type1/public/amsfonts/cm/cmmi10.pfb></usr/local/tex
live/2013/texmf-dist/fonts/type1/public/amsfonts/cm/cmsy10.pfb></usr/local/texl
ive/2013/texmf-dist/fonts/type1/public/amsfonts/cm/cmsy7.pfb></usr/local/texliv
e/2013/texmf-dist/fonts/type1/public/amsfonts/euler/euex10.pfb></usr/local/texl
ive/2013/texmf-dist/fonts/type1/public/amsfonts/euler/euex7.pfb></usr/local/tex
live/2013/texmf-dist/fonts/type1/public/amsfonts/euler/eufm10.pfb></usr/local/t
exlive/2013/texmf-dist/fonts/type1/public/amsfonts/euler/eufm7.pfb></usr/local/
texlive/2013/texmf-dist/fonts/type1/public/amsfonts/euler/eurm10.pfb></usr/loca
l/texlive/2013/texmf-dist/fonts/type1/public/amsfonts/euler/eurm5.pfb></usr/loc
al/texlive/2013/texmf-dist/fonts/type1/public/amsfonts/euler/eurm7.pfb></usr/lo
cal/texlive/2013/texmf-dist/fonts/type1/public/amsfonts/euler/eusm10.pfb></usr/
local/texlive/2013/texmf-dist/fonts/type1/public/amsfonts/symbols/msam10.pfb></
usr/local/texlive/2013/texmf-dist/fonts/type1/public/amsfonts/symbols/msbm10.pf
b></usr/local/texlive/2013/texmf-dist/fonts/type1/public/amsfonts/symbols/msbm5
.pfb></usr/local/texlive/2013/texmf-dist/fonts/type1/public/amsfonts/symbols/ms
bm7.pfb></usr/local/texlive/2013/texmf-dist/fonts/type1/urw/courier/ucrr8a.pfb>
</usr/local/texlive/2013/texmf-dist/fonts/type1/urw/helvetic/uhvb8a.pfb></usr/l
ocal/texlive/2013/texmf-dist/fonts/type1/urw/helvetic/uhvr8a.pfb></usr/local/te
xlive/2013/texmf-dist/fonts/type1/urw/palatino/uplb8a.pfb></usr/local/texlive/2
013/texmf-dist/fonts/type1/urw/palatino/uplr8a.pfb></usr/local/texlive/2013/tex
mf-dist/fonts/type1/urw/palatino/uplr8a.pfb></usr/local/texlive/2013/texmf-dist
/fonts/type1/urw/palatino/uplri8a.pfb>
Output written on print.pdf (64 pages, 361267 bytes).
PDF statistics:
 803 PDF objects out of 1000 (max. 8388607)
 698 compressed objects within 7 object streams
 277 named destinations out of 1000 (max. 500000)
 40133 words of extra memory for PDF output out of 42996 (max. 10000000)

