\BOOKMARK [0][-]{section*.1}{Contents}{}% 1
\BOOKMARK [-1][-]{part.1}{Natural Numbers}{}% 2
\BOOKMARK [0][-]{chapter.1}{The Natural Numbers}{part.1}% 3
\BOOKMARK [1][-]{section.1.1}{The Basic Picture}{chapter.1}% 4
\BOOKMARK [1][-]{section.1.2}{Narrowing the possibilities}{chapter.1}% 5
\BOOKMARK [0][-]{chapter.2}{Arithmetic}{part.1}% 6
\BOOKMARK [1][-]{section.2.1}{Basic Arithmetic Operations}{chapter.2}% 7
\BOOKMARK [0][-]{chapter.3}{Laws of Arithmetic}{part.1}% 8
\BOOKMARK [1][-]{section.3.1}{Basic Laws}{chapter.3}% 9
\BOOKMARK [1][-]{section.3.2}{Inductive Proofs}{chapter.3}% 10
\BOOKMARK [0][-]{chapter.4}{Lists}{part.1}% 11
\BOOKMARK [1][-]{section.4.1}{List Basics}{chapter.4}% 12
\BOOKMARK [1][-]{section.4.2}{List Itemization}{chapter.4}% 13
\BOOKMARK [1][-]{section.4.3}{Lists of a Particular Type}{chapter.4}% 14
\BOOKMARK [1][-]{section.4.4}{Other Inductively Defined Collections}{chapter.4}% 15
\BOOKMARK [1][-]{section.4.5}{Binary Trees}{chapter.4}% 16
\BOOKMARK [0][-]{chapter.5}{Ordering the Natural Numbers by Addition}{part.1}% 17
\BOOKMARK [1][-]{section.5.1}{Less or Equal}{chapter.5}% 18
\BOOKMARK [1][-]{section.5.2}{Other Forms of Induction}{chapter.5}% 19
\BOOKMARK [1][-]{section.5.3}{Minimum and Maximum}{chapter.5}% 20
\BOOKMARK [0][-]{chapter.6}{Divisibility}{part.1}% 21
\BOOKMARK [1][-]{section.6.1}{Quotients and Remainders}{chapter.6}% 22
\BOOKMARK [0][-]{chapter.7}{Prime Numbers}{part.1}% 23
\BOOKMARK [1][-]{section.7.1}{Greatest Common Divisor and Least Common Multiple}{chapter.7}% 24
\BOOKMARK [-1][-]{part.2}{Sets and Functions}{}% 25
\BOOKMARK [0][-]{chapter.8}{Sets}{part.2}% 26
\BOOKMARK [1][-]{section.8.1}{Set Basics}{chapter.8}% 27
\BOOKMARK [1][-]{section.8.2}{Subsets and Extensionality}{chapter.8}% 28
\BOOKMARK [0][-]{chapter.9}{Functions}{part.2}% 29
\BOOKMARK [1][-]{section.9.1}{Internal Diagrams}{chapter.9}% 30
\BOOKMARK [1][-]{section.9.2}{Extensionality}{chapter.9}% 31
\BOOKMARK [0][-]{chapter.10}{Constructing Sets and Functions}{part.2}% 32
\BOOKMARK [1][-]{section.10.1}{Elements, Pointers and Constant Functions}{chapter.10}% 33
\BOOKMARK [1][-]{section.10.2}{The Empty Set}{chapter.10}% 34
\BOOKMARK [1][-]{section.10.3}{Solution Sets, Subsets, Characteristic Functions}{chapter.10}% 35
\BOOKMARK [1][-]{section.10.4}{Product Sets and Functions of Two Arguments}{chapter.10}% 36
\BOOKMARK [1][-]{section.10.5}{Function Sets and Parametric Functions}{chapter.10}% 37
\BOOKMARK [0][-]{chapter.11}{The Set of Natural Numbers}{part.2}% 38
\BOOKMARK [1][-]{section.11.1}{Sequences and Simple Recurrences}{chapter.11}% 39
\BOOKMARK [1][-]{section.11.2}{Primitive Recursion}{chapter.11}% 40
\BOOKMARK [1][-]{section.11.3}{Primitive Recursion and ``for'' loops}{chapter.11}% 41
\BOOKMARK [1][-]{section.11.4}{Lists}{chapter.11}% 42
\BOOKMARK [0][-]{chapter.12}{Powersets}{part.2}% 43
\BOOKMARK [1][-]{section.12.1}{Finitary Structure of P\(U\)}{chapter.12}% 44
\BOOKMARK [1][-]{section.12.2}{Laws of Finitary Set Operations}{chapter.12}% 45
\BOOKMARK [1][-]{section.12.3}{Binary Relations}{chapter.12}% 46
\BOOKMARK [1][-]{section.12.4}{Quantifiers and Completeness}{chapter.12}% 47
\BOOKMARK [1][-]{section.12.5}{Atomicity}{chapter.12}% 48
\BOOKMARK [1][-]{section.12.6}{Forward images}{chapter.12}% 49
\BOOKMARK [0][-]{chapter.13}{Additional Constructions}{part.2}% 50
\BOOKMARK [1][-]{section.13.1}{Induction}{chapter.13}% 51
\BOOKMARK [1][-]{section.13.2}{Unions}{chapter.13}% 52
\BOOKMARK [1][-]{section.13.3}{Monomorphisms and Epimorphisms}{chapter.13}% 53
\BOOKMARK [1][-]{section.13.4}{Co-products}{chapter.13}% 54
\BOOKMARK [1][-]{section.13.5}{Quotients}{chapter.13}% 55
\BOOKMARK [1][-]{section.13.6}{Function Graphs}{chapter.13}% 56
\BOOKMARK [1][-]{section.13.7}{Splitting and the Axiom of Choice}{chapter.13}% 57
